{"/Users/doublegreen/Library/Mobile Documents/com~apple~CloudDocs/MIND/services/a2a-service/dist/index.js": {"path":"/Users/doublegreen/Library/Mobile Documents/com~apple~CloudDocs/MIND/services/a2a-service/dist/index.js","statementMap":{"0":{"start":{"line":10,"column":6},"end":{"line":10,"column":40}},"1":{"start":{"line":11,"column":23},"end":{"line":11,"column":43}},"2":{"start":{"line":12,"column":23},"end":{"line":12,"column":43}},"3":{"start":{"line":13,"column":22},"end":{"line":13,"column":null}},"4":{"start":{"line":14,"column":25},"end":{"line":14,"column":121}},"5":{"start":{"line":15,"column":28},"end":{"line":15,"column":84}},"6":{"start":{"line":17,"column":0},"end":{"line":32,"column":null}},"7":{"start":{"line":18,"column":4},"end":{"line":31,"column":null}},"8":{"start":{"line":33,"column":0},"end":{"line":36,"column":null}},"9":{"start":{"line":33,"column":35},"end":{"line":36,"column":3}},"10":{"start":{"line":37,"column":0},"end":{"line":45,"column":null}},"11":{"start":{"line":38,"column":4},"end":{"line":43,"column":null}},"12":{"start":{"line":39,"column":8},"end":{"line":39,"column":null}},"13":{"start":{"line":40,"column":8},"end":{"line":40,"column":null}},"14":{"start":{"line":43,"column":8},"end":{"line":43,"column":null}},"15":{"start":{"line":46,"column":0},"end":{"line":76,"column":null}},"16":{"start":{"line":47,"column":4},"end":{"line":75,"column":null}},"17":{"start":{"line":77,"column":28},"end":{"line":77,"column":80}},"18":{"start":{"line":78,"column":6},"end":{"line":79,"column":null}},"19":{"start":{"line":79,"column":4},"end":{"line":79,"column":null}},"20":{"start":{"line":81,"column":28},"end":{"line":86,"column":2}},"21":{"start":{"line":87,"column":25},"end":{"line":91,"column":2}},"22":{"start":{"line":92,"column":28},"end":{"line":95,"column":2}},"23":{"start":{"line":96,"column":28},"end":{"line":99,"column":2}},"24":{"start":{"line":100,"column":27},"end":{"line":105,"column":2}},"25":{"start":{"line":106,"column":27},"end":{"line":106,"column":75}},"26":{"start":{"line":107,"column":41},"end":{"line":118,"column":2}},"27":{"start":{"line":119,"column":34},"end":{"line":127,"column":2}},"28":{"start":{"line":128,"column":28},"end":{"line":137,"column":2}},"29":{"start":{"line":138,"column":6},"end":{"line":141,"column":null}},"30":{"start":{"line":139,"column":4},"end":{"line":140,"column":null}},"31":{"start":{"line":140,"column":8},"end":{"line":140,"column":null}},"32":{"start":{"line":141,"column":4},"end":{"line":141,"column":null}},"33":{"start":{"line":143,"column":6},"end":{"line":144,"column":null}},"34":{"start":{"line":144,"column":4},"end":{"line":144,"column":null}},"35":{"start":{"line":146,"column":6},"end":{"line":152,"column":null}},"36":{"start":{"line":147,"column":23},"end":{"line":147,"column":null}},"37":{"start":{"line":149,"column":4},"end":{"line":150,"column":null}},"38":{"start":{"line":150,"column":8},"end":{"line":150,"column":null}},"39":{"start":{"line":152,"column":4},"end":{"line":152,"column":null}},"40":{"start":{"line":154,"column":0},"end":{"line":165,"column":null}},"41":{"start":{"line":155,"column":19},"end":{"line":155,"column":62}},"42":{"start":{"line":156,"column":4},"end":{"line":157,"column":null}},"43":{"start":{"line":157,"column":8},"end":{"line":157,"column":null}},"44":{"start":{"line":159,"column":24},"end":{"line":159,"column":57}},"45":{"start":{"line":160,"column":4},"end":{"line":161,"column":null}},"46":{"start":{"line":161,"column":8},"end":{"line":161,"column":null}},"47":{"start":{"line":163,"column":19},"end":{"line":163,"column":51}},"48":{"start":{"line":164,"column":4},"end":{"line":164,"column":null}},"49":{"start":{"line":166,"column":0},"end":{"line":205,"column":null}},"50":{"start":{"line":167,"column":19},"end":{"line":167,"column":59}},"51":{"start":{"line":168,"column":4},"end":{"line":169,"column":null}},"52":{"start":{"line":169,"column":8},"end":{"line":169,"column":null}},"53":{"start":{"line":171,"column":20},"end":{"line":171,"column":59}},"54":{"start":{"line":172,"column":4},"end":{"line":173,"column":null}},"55":{"start":{"line":173,"column":8},"end":{"line":173,"column":null}},"56":{"start":{"line":175,"column":25},"end":{"line":175,"column":70}},"57":{"start":{"line":176,"column":4},"end":{"line":177,"column":null}},"58":{"start":{"line":177,"column":8},"end":{"line":177,"column":null}},"59":{"start":{"line":179,"column":4},"end":{"line":187,"column":null}},"60":{"start":{"line":180,"column":22},"end":{"line":186,"column":10}},"61":{"start":{"line":187,"column":8},"end":{"line":187,"column":null}},"62":{"start":{"line":189,"column":4},"end":{"line":190,"column":null}},"63":{"start":{"line":190,"column":8},"end":{"line":190,"column":null}},"64":{"start":{"line":192,"column":19},"end":{"line":197,"column":6}},"65":{"start":{"line":198,"column":4},"end":{"line":204,"column":null}},"66":{"start":{"line":206,"column":0},"end":{"line":280,"column":null}},"67":{"start":{"line":207,"column":19},"end":{"line":207,"column":62}},"68":{"start":{"line":208,"column":4},"end":{"line":209,"column":null}},"69":{"start":{"line":209,"column":8},"end":{"line":209,"column":null}},"70":{"start":{"line":211,"column":20},"end":{"line":211,"column":59}},"71":{"start":{"line":212,"column":4},"end":{"line":213,"column":null}},"72":{"start":{"line":213,"column":8},"end":{"line":213,"column":null}},"73":{"start":{"line":215,"column":4},"end":{"line":225,"column":null}},"74":{"start":{"line":217,"column":8},"end":{"line":223,"column":null}},"75":{"start":{"line":218,"column":12},"end":{"line":223,"column":null}},"76":{"start":{"line":225,"column":8},"end":{"line":225,"column":null}},"77":{"start":{"line":227,"column":4},"end":{"line":235,"column":null}},"78":{"start":{"line":228,"column":22},"end":{"line":234,"column":10}},"79":{"start":{"line":235,"column":8},"end":{"line":235,"column":null}},"80":{"start":{"line":237,"column":17},"end":{"line":237,"column":66}},"81":{"start":{"line":238,"column":4},"end":{"line":239,"column":null}},"82":{"start":{"line":239,"column":8},"end":{"line":239,"column":null}},"83":{"start":{"line":242,"column":4},"end":{"line":268,"column":null}},"84":{"start":{"line":243,"column":8},"end":{"line":253,"column":null}},"85":{"start":{"line":256,"column":8},"end":{"line":266,"column":null}},"86":{"start":{"line":257,"column":30},"end":{"line":257,"column":62}},"87":{"start":{"line":258,"column":12},"end":{"line":264,"column":null}},"88":{"start":{"line":259,"column":16},"end":{"line":264,"column":null}},"89":{"start":{"line":266,"column":12},"end":{"line":266,"column":null}},"90":{"start":{"line":268,"column":8},"end":{"line":268,"column":null}},"91":{"start":{"line":270,"column":4},"end":{"line":278,"column":null}},"92":{"start":{"line":279,"column":4},"end":{"line":279,"column":null}},"93":{"start":{"line":281,"column":0},"end":{"line":320,"column":null}},"94":{"start":{"line":282,"column":19},"end":{"line":282,"column":62}},"95":{"start":{"line":283,"column":4},"end":{"line":284,"column":null}},"96":{"start":{"line":284,"column":8},"end":{"line":284,"column":null}},"97":{"start":{"line":286,"column":20},"end":{"line":286,"column":59}},"98":{"start":{"line":287,"column":4},"end":{"line":288,"column":null}},"99":{"start":{"line":288,"column":8},"end":{"line":288,"column":null}},"100":{"start":{"line":290,"column":4},"end":{"line":294,"column":null}},"101":{"start":{"line":291,"column":8},"end":{"line":292,"column":null}},"102":{"start":{"line":292,"column":12},"end":{"line":292,"column":null}},"103":{"start":{"line":294,"column":8},"end":{"line":294,"column":null}},"104":{"start":{"line":297,"column":4},"end":{"line":317,"column":null}},"105":{"start":{"line":298,"column":8},"end":{"line":307,"column":null}},"106":{"start":{"line":310,"column":8},"end":{"line":315,"column":null}},"107":{"start":{"line":311,"column":30},"end":{"line":311,"column":62}},"108":{"start":{"line":312,"column":12},"end":{"line":313,"column":null}},"109":{"start":{"line":313,"column":16},"end":{"line":313,"column":null}},"110":{"start":{"line":315,"column":12},"end":{"line":315,"column":null}},"111":{"start":{"line":317,"column":8},"end":{"line":317,"column":null}},"112":{"start":{"line":319,"column":4},"end":{"line":319,"column":null}},"113":{"start":{"line":321,"column":0},"end":{"line":338,"column":null}},"114":{"start":{"line":322,"column":19},"end":{"line":322,"column":61}},"115":{"start":{"line":323,"column":4},"end":{"line":324,"column":null}},"116":{"start":{"line":324,"column":8},"end":{"line":324,"column":null}},"117":{"start":{"line":326,"column":20},"end":{"line":326,"column":59}},"118":{"start":{"line":327,"column":4},"end":{"line":328,"column":null}},"119":{"start":{"line":328,"column":8},"end":{"line":328,"column":null}},"120":{"start":{"line":330,"column":20},"end":{"line":336,"column":6}},"121":{"start":{"line":337,"column":4},"end":{"line":337,"column":null}},"122":{"start":{"line":339,"column":0},"end":{"line":347,"column":null}},"123":{"start":{"line":340,"column":20},"end":{"line":340,"column":59}},"124":{"start":{"line":341,"column":4},"end":{"line":342,"column":null}},"125":{"start":{"line":342,"column":8},"end":{"line":342,"column":null}},"126":{"start":{"line":344,"column":18},"end":{"line":344,"column":60}},"127":{"start":{"line":345,"column":20},"end":{"line":345,"column":70}},"128":{"start":{"line":346,"column":4},"end":{"line":346,"column":null}},"129":{"start":{"line":348,"column":0},"end":{"line":357,"column":null}},"130":{"start":{"line":349,"column":20},"end":{"line":349,"column":59}},"131":{"start":{"line":350,"column":4},"end":{"line":351,"column":null}},"132":{"start":{"line":351,"column":8},"end":{"line":351,"column":null}},"133":{"start":{"line":353,"column":19},"end":{"line":353,"column":59}},"134":{"start":{"line":354,"column":18},"end":{"line":354,"column":61}},"135":{"start":{"line":355,"column":20},"end":{"line":355,"column":71}},"136":{"start":{"line":356,"column":4},"end":{"line":356,"column":null}},"137":{"start":{"line":361,"column":0},"end":{"line":363,"column":null}},"138":{"start":{"line":362,"column":4},"end":{"line":362,"column":null}},"139":{"start":{"line":364,"column":0},"end":{"line":390,"column":null}},"140":{"start":{"line":365,"column":19},"end":{"line":365,"column":75}},"141":{"start":{"line":366,"column":4},"end":{"line":367,"column":null}},"142":{"start":{"line":367,"column":8},"end":{"line":367,"column":null}},"143":{"start":{"line":369,"column":65},"end":{"line":369,"column":null}},"144":{"start":{"line":371,"column":10},"end":{"line":371,"column":50}},"145":{"start":{"line":373,"column":19},"end":{"line":373,"column":null}},"146":{"start":{"line":374,"column":4},"end":{"line":375,"column":null}},"147":{"start":{"line":375,"column":8},"end":{"line":375,"column":null}},"148":{"start":{"line":376,"column":26},"end":{"line":376,"column":70}},"149":{"start":{"line":377,"column":4},"end":{"line":388,"column":null}},"150":{"start":{"line":378,"column":27},"end":{"line":378,"column":119}},"151":{"start":{"line":379,"column":8},"end":{"line":385,"column":null}},"152":{"start":{"line":388,"column":8},"end":{"line":388,"column":null}},"153":{"start":{"line":391,"column":0},"end":{"line":412,"column":null}},"154":{"start":{"line":392,"column":19},"end":{"line":392,"column":68}},"155":{"start":{"line":393,"column":4},"end":{"line":394,"column":null}},"156":{"start":{"line":394,"column":8},"end":{"line":394,"column":null}},"157":{"start":{"line":396,"column":63},"end":{"line":396,"column":null}},"158":{"start":{"line":397,"column":19},"end":{"line":397,"column":null}},"159":{"start":{"line":398,"column":4},"end":{"line":399,"column":null}},"160":{"start":{"line":399,"column":8},"end":{"line":399,"column":null}},"161":{"start":{"line":400,"column":26},"end":{"line":400,"column":70}},"162":{"start":{"line":401,"column":4},"end":{"line":410,"column":null}},"163":{"start":{"line":402,"column":29},"end":{"line":402,"column":118}},"164":{"start":{"line":403,"column":8},"end":{"line":407,"column":null}},"165":{"start":{"line":410,"column":8},"end":{"line":410,"column":null}},"166":{"start":{"line":416,"column":0},"end":{"line":476,"column":null}},"167":{"start":{"line":417,"column":19},"end":{"line":417,"column":62}},"168":{"start":{"line":418,"column":4},"end":{"line":419,"column":null}},"169":{"start":{"line":419,"column":8},"end":{"line":419,"column":null}},"170":{"start":{"line":421,"column":19},"end":{"line":421,"column":null}},"171":{"start":{"line":422,"column":20},"end":{"line":422,"column":51}},"172":{"start":{"line":423,"column":4},"end":{"line":424,"column":null}},"173":{"start":{"line":424,"column":8},"end":{"line":424,"column":null}},"174":{"start":{"line":426,"column":32},"end":{"line":426,"column":null}},"175":{"start":{"line":427,"column":4},"end":{"line":428,"column":null}},"176":{"start":{"line":428,"column":8},"end":{"line":428,"column":null}},"177":{"start":{"line":431,"column":4},"end":{"line":435,"column":null}},"178":{"start":{"line":432,"column":8},"end":{"line":432,"column":null}},"179":{"start":{"line":435,"column":8},"end":{"line":435,"column":null}},"180":{"start":{"line":437,"column":28},"end":{"line":437,"column":78}},"181":{"start":{"line":438,"column":23},"end":{"line":438,"column":null}},"182":{"start":{"line":439,"column":23},"end":{"line":439,"column":72}},"183":{"start":{"line":440,"column":4},"end":{"line":454,"column":null}},"184":{"start":{"line":441,"column":8},"end":{"line":447,"column":null}},"185":{"start":{"line":442,"column":12},"end":{"line":447,"column":null}},"186":{"start":{"line":449,"column":8},"end":{"line":454,"column":null}},"187":{"start":{"line":456,"column":23},"end":{"line":456,"column":99}},"188":{"start":{"line":457,"column":4},"end":{"line":463,"column":null}},"189":{"start":{"line":458,"column":8},"end":{"line":463,"column":null}},"190":{"start":{"line":465,"column":4},"end":{"line":475,"column":null}},"191":{"start":{"line":477,"column":0},"end":{"line":480,"column":null}},"192":{"start":{"line":478,"column":20},"end":{"line":478,"column":41}},"193":{"start":{"line":479,"column":4},"end":{"line":479,"column":null}},"194":{"start":{"line":481,"column":13},"end":{"line":481,"column":57}},"195":{"start":{"line":482,"column":0},"end":{"line":486,"column":null}},"196":{"start":{"line":483,"column":4},"end":{"line":486,"column":null}},"197":{"start":{"line":484,"column":8},"end":{"line":484,"column":null}},"198":{"start":{"line":485,"column":8},"end":{"line":485,"column":null}}},"fnMap":{"0":{"name":"(anonymous_0)","decl":{"start":{"line":17,"column":16},"end":{"line":17,"column":23}},"loc":{"start":{"line":17,"column":43},"end":{"line":32,"column":null}},"line":17},"1":{"name":"(anonymous_1)","decl":{"start":{"line":33,"column":22},"end":{"line":33,"column":35}},"loc":{"start":{"line":33,"column":35},"end":{"line":36,"column":3}},"line":33},"2":{"name":"(anonymous_2)","decl":{"start":{"line":37,"column":25},"end":{"line":37,"column":32}},"loc":{"start":{"line":37,"column":52},"end":{"line":45,"column":null}},"line":37},"3":{"name":"(anonymous_3)","decl":{"start":{"line":46,"column":33},"end":{"line":46,"column":40}},"loc":{"start":{"line":46,"column":60},"end":{"line":76,"column":null}},"line":46},"4":{"name":"(anonymous_4)","decl":{"start":{"line":78,"column":6},"end":{"line":78,"column":26}},"loc":{"start":{"line":78,"column":40},"end":{"line":79,"column":null}},"line":78},"5":{"name":"(anonymous_5)","decl":{"start":{"line":138,"column":6},"end":{"line":138,"column":24}},"loc":{"start":{"line":138,"column":37},"end":{"line":141,"column":null}},"line":138},"6":{"name":"(anonymous_6)","decl":{"start":{"line":143,"column":6},"end":{"line":143,"column":24}},"loc":{"start":{"line":143,"column":34},"end":{"line":144,"column":null}},"line":143},"7":{"name":"(anonymous_7)","decl":{"start":{"line":146,"column":6},"end":{"line":146,"column":33}},"loc":{"start":{"line":146,"column":58},"end":{"line":152,"column":null}},"line":146},"8":{"name":"(anonymous_8)","decl":{"start":{"line":154,"column":73},"end":{"line":154,"column":80}},"loc":{"start":{"line":154,"column":99},"end":{"line":165,"column":null}},"line":154},"9":{"name":"(anonymous_9)","decl":{"start":{"line":166,"column":83},"end":{"line":166,"column":90}},"loc":{"start":{"line":166,"column":109},"end":{"line":205,"column":null}},"line":166},"10":{"name":"(anonymous_10)","decl":{"start":{"line":206,"column":84},"end":{"line":206,"column":91}},"loc":{"start":{"line":206,"column":110},"end":{"line":280,"column":null}},"line":206},"11":{"name":"(anonymous_11)","decl":{"start":{"line":281,"column":84},"end":{"line":281,"column":91}},"loc":{"start":{"line":281,"column":110},"end":{"line":320,"column":null}},"line":281},"12":{"name":"(anonymous_12)","decl":{"start":{"line":321,"column":85},"end":{"line":321,"column":92}},"loc":{"start":{"line":321,"column":111},"end":{"line":338,"column":null}},"line":321},"13":{"name":"(anonymous_13)","decl":{"start":{"line":339,"column":35},"end":{"line":339,"column":42}},"loc":{"start":{"line":339,"column":61},"end":{"line":347,"column":null}},"line":339},"14":{"name":"(anonymous_14)","decl":{"start":{"line":348,"column":44},"end":{"line":348,"column":51}},"loc":{"start":{"line":348,"column":70},"end":{"line":357,"column":null}},"line":348},"15":{"name":"(anonymous_15)","decl":{"start":{"line":361,"column":41},"end":{"line":361,"column":48}},"loc":{"start":{"line":361,"column":68},"end":{"line":363,"column":null}},"line":361},"16":{"name":"(anonymous_16)","decl":{"start":{"line":364,"column":43},"end":{"line":364,"column":50}},"loc":{"start":{"line":364,"column":69},"end":{"line":390,"column":null}},"line":364},"17":{"name":"(anonymous_17)","decl":{"start":{"line":391,"column":42},"end":{"line":391,"column":49}},"loc":{"start":{"line":391,"column":68},"end":{"line":412,"column":null}},"line":391},"18":{"name":"(anonymous_18)","decl":{"start":{"line":416,"column":40},"end":{"line":416,"column":47}},"loc":{"start":{"line":416,"column":66},"end":{"line":476,"column":null}},"line":416},"19":{"name":"(anonymous_19)","decl":{"start":{"line":477,"column":30},"end":{"line":477,"column":37}},"loc":{"start":{"line":477,"column":57},"end":{"line":480,"column":null}},"line":477},"20":{"name":"(anonymous_20)","decl":{"start":{"line":483,"column":45},"end":{"line":483,"column":52}},"loc":{"start":{"line":483,"column":60},"end":{"line":486,"column":null}},"line":483}},"branchMap":{"0":{"loc":{"start":{"line":13,"column":22},"end":{"line":13,"column":null}},"type":"cond-expr","locations":[{"start":{"line":13,"column":64},"end":{"line":13,"column":75}},{"start":{"line":13,"column":75},"end":{"line":13,"column":null}}],"line":13},"1":{"loc":{"start":{"line":14,"column":40},"end":{"line":14,"column":109}},"type":"binary-expr","locations":[{"start":{"line":14,"column":40},"end":{"line":14,"column":70}},{"start":{"line":14,"column":70},"end":{"line":14,"column":109}}],"line":14},"2":{"loc":{"start":{"line":139,"column":4},"end":{"line":140,"column":null}},"type":"if","locations":[{"start":{"line":139,"column":4},"end":{"line":140,"column":null}},{"start":{},"end":{}}],"line":139},"3":{"loc":{"start":{"line":144,"column":11},"end":{"line":144,"column":null}},"type":"cond-expr","locations":[{"start":{"line":144,"column":36},"end":{"line":144,"column":52}},{"start":{"line":144,"column":52},"end":{"line":144,"column":null}}],"line":144},"4":{"loc":{"start":{"line":149,"column":4},"end":{"line":150,"column":null}},"type":"if","locations":[{"start":{"line":149,"column":4},"end":{"line":150,"column":null}},{"start":{},"end":{}}],"line":149},"5":{"loc":{"start":{"line":149,"column":8},"end":{"line":149,"column":75}},"type":"binary-expr","locations":[{"start":{"line":149,"column":8},"end":{"line":149,"column":23}},{"start":{"line":149,"column":23},"end":{"line":149,"column":75}}],"line":149},"6":{"loc":{"start":{"line":156,"column":4},"end":{"line":157,"column":null}},"type":"if","locations":[{"start":{"line":156,"column":4},"end":{"line":157,"column":null}},{"start":{},"end":{}}],"line":156},"7":{"loc":{"start":{"line":160,"column":4},"end":{"line":161,"column":null}},"type":"if","locations":[{"start":{"line":160,"column":4},"end":{"line":161,"column":null}},{"start":{},"end":{}}],"line":160},"8":{"loc":{"start":{"line":160,"column":8},"end":{"line":160,"column":66}},"type":"binary-expr","locations":[{"start":{"line":160,"column":8},"end":{"line":160,"column":37}},{"start":{"line":160,"column":41},"end":{"line":160,"column":66}}],"line":160},"9":{"loc":{"start":{"line":168,"column":4},"end":{"line":169,"column":null}},"type":"if","locations":[{"start":{"line":168,"column":4},"end":{"line":169,"column":null}},{"start":{},"end":{}}],"line":168},"10":{"loc":{"start":{"line":172,"column":4},"end":{"line":173,"column":null}},"type":"if","locations":[{"start":{"line":172,"column":4},"end":{"line":173,"column":null}},{"start":{},"end":{}}],"line":172},"11":{"loc":{"start":{"line":176,"column":4},"end":{"line":177,"column":null}},"type":"if","locations":[{"start":{"line":176,"column":4},"end":{"line":177,"column":null}},{"start":{},"end":{}}],"line":176},"12":{"loc":{"start":{"line":179,"column":4},"end":{"line":187,"column":null}},"type":"if","locations":[{"start":{"line":179,"column":4},"end":{"line":187,"column":null}},{"start":{},"end":{}}],"line":179},"13":{"loc":{"start":{"line":179,"column":8},"end":{"line":179,"column":77}},"type":"binary-expr","locations":[{"start":{"line":179,"column":8},"end":{"line":179,"column":43}},{"start":{"line":179,"column":47},"end":{"line":179,"column":77}}],"line":179},"14":{"loc":{"start":{"line":189,"column":4},"end":{"line":190,"column":null}},"type":"if","locations":[{"start":{"line":189,"column":4},"end":{"line":190,"column":null}},{"start":{},"end":{}}],"line":189},"15":{"loc":{"start":{"line":208,"column":4},"end":{"line":209,"column":null}},"type":"if","locations":[{"start":{"line":208,"column":4},"end":{"line":209,"column":null}},{"start":{},"end":{}}],"line":208},"16":{"loc":{"start":{"line":212,"column":4},"end":{"line":213,"column":null}},"type":"if","locations":[{"start":{"line":212,"column":4},"end":{"line":213,"column":null}},{"start":{},"end":{}}],"line":212},"17":{"loc":{"start":{"line":215,"column":4},"end":{"line":225,"column":null}},"type":"if","locations":[{"start":{"line":215,"column":4},"end":{"line":225,"column":null}},{"start":{},"end":{}}],"line":215},"18":{"loc":{"start":{"line":217,"column":8},"end":{"line":223,"column":null}},"type":"if","locations":[{"start":{"line":217,"column":8},"end":{"line":223,"column":null}},{"start":{},"end":{}}],"line":217},"19":{"loc":{"start":{"line":217,"column":12},"end":{"line":217,"column":92}},"type":"binary-expr","locations":[{"start":{"line":217,"column":12},"end":{"line":217,"column":45}},{"start":{"line":217,"column":45},"end":{"line":217,"column":92}}],"line":217},"20":{"loc":{"start":{"line":227,"column":4},"end":{"line":235,"column":null}},"type":"if","locations":[{"start":{"line":227,"column":4},"end":{"line":235,"column":null}},{"start":{},"end":{}}],"line":227},"21":{"loc":{"start":{"line":238,"column":4},"end":{"line":239,"column":null}},"type":"if","locations":[{"start":{"line":238,"column":4},"end":{"line":239,"column":null}},{"start":{},"end":{}}],"line":238},"22":{"loc":{"start":{"line":256,"column":8},"end":{"line":266,"column":null}},"type":"if","locations":[{"start":{"line":256,"column":8},"end":{"line":266,"column":null}},{"start":{},"end":{}}],"line":256},"23":{"loc":{"start":{"line":258,"column":12},"end":{"line":264,"column":null}},"type":"if","locations":[{"start":{"line":258,"column":12},"end":{"line":264,"column":null}},{"start":{},"end":{}}],"line":258},"24":{"loc":{"start":{"line":258,"column":16},"end":{"line":258,"column":90}},"type":"binary-expr","locations":[{"start":{"line":258,"column":16},"end":{"line":258,"column":52}},{"start":{"line":258,"column":52},"end":{"line":258,"column":90}}],"line":258},"25":{"loc":{"start":{"line":266,"column":81},"end":{"line":266,"column":113}},"type":"binary-expr","locations":[{"start":{"line":266,"column":81},"end":{"line":266,"column":102}},{"start":{"line":266,"column":102},"end":{"line":266,"column":113}}],"line":266},"26":{"loc":{"start":{"line":283,"column":4},"end":{"line":284,"column":null}},"type":"if","locations":[{"start":{"line":283,"column":4},"end":{"line":284,"column":null}},{"start":{},"end":{}}],"line":283},"27":{"loc":{"start":{"line":287,"column":4},"end":{"line":288,"column":null}},"type":"if","locations":[{"start":{"line":287,"column":4},"end":{"line":288,"column":null}},{"start":{},"end":{}}],"line":287},"28":{"loc":{"start":{"line":290,"column":4},"end":{"line":294,"column":null}},"type":"if","locations":[{"start":{"line":290,"column":4},"end":{"line":294,"column":null}},{"start":{},"end":{}}],"line":290},"29":{"loc":{"start":{"line":291,"column":8},"end":{"line":292,"column":null}},"type":"if","locations":[{"start":{"line":291,"column":8},"end":{"line":292,"column":null}},{"start":{},"end":{}}],"line":291},"30":{"loc":{"start":{"line":303,"column":24},"end":{"line":303,"column":null}},"type":"binary-expr","locations":[{"start":{"line":303,"column":24},"end":{"line":303,"column":46}},{"start":{"line":303,"column":46},"end":{"line":303,"column":null}}],"line":303},"31":{"loc":{"start":{"line":310,"column":8},"end":{"line":315,"column":null}},"type":"if","locations":[{"start":{"line":310,"column":8},"end":{"line":315,"column":null}},{"start":{},"end":{}}],"line":310},"32":{"loc":{"start":{"line":312,"column":12},"end":{"line":313,"column":null}},"type":"if","locations":[{"start":{"line":312,"column":12},"end":{"line":313,"column":null}},{"start":{},"end":{}}],"line":312},"33":{"loc":{"start":{"line":315,"column":81},"end":{"line":315,"column":113}},"type":"binary-expr","locations":[{"start":{"line":315,"column":81},"end":{"line":315,"column":102}},{"start":{"line":315,"column":102},"end":{"line":315,"column":113}}],"line":315},"34":{"loc":{"start":{"line":323,"column":4},"end":{"line":324,"column":null}},"type":"if","locations":[{"start":{"line":323,"column":4},"end":{"line":324,"column":null}},{"start":{},"end":{}}],"line":323},"35":{"loc":{"start":{"line":327,"column":4},"end":{"line":328,"column":null}},"type":"if","locations":[{"start":{"line":327,"column":4},"end":{"line":328,"column":null}},{"start":{},"end":{}}],"line":327},"36":{"loc":{"start":{"line":334,"column":18},"end":{"line":334,"column":44}},"type":"binary-expr","locations":[{"start":{"line":334,"column":18},"end":{"line":334,"column":42}},{"start":{"line":334,"column":42},"end":{"line":334,"column":44}}],"line":334},"37":{"loc":{"start":{"line":341,"column":4},"end":{"line":342,"column":null}},"type":"if","locations":[{"start":{"line":341,"column":4},"end":{"line":342,"column":null}},{"start":{},"end":{}}],"line":341},"38":{"loc":{"start":{"line":350,"column":4},"end":{"line":351,"column":null}},"type":"if","locations":[{"start":{"line":350,"column":4},"end":{"line":351,"column":null}},{"start":{},"end":{}}],"line":350},"39":{"loc":{"start":{"line":366,"column":4},"end":{"line":367,"column":null}},"type":"if","locations":[{"start":{"line":366,"column":4},"end":{"line":367,"column":null}},{"start":{},"end":{}}],"line":366},"40":{"loc":{"start":{"line":373,"column":19},"end":{"line":373,"column":null}},"type":"cond-expr","locations":[{"start":{"line":373,"column":36},"end":{"line":373,"column":62}},{"start":{"line":373,"column":62},"end":{"line":373,"column":null}}],"line":373},"41":{"loc":{"start":{"line":374,"column":4},"end":{"line":375,"column":null}},"type":"if","locations":[{"start":{"line":374,"column":4},"end":{"line":375,"column":null}},{"start":{},"end":{}}],"line":374},"42":{"loc":{"start":{"line":374,"column":8},"end":{"line":374,"column":null}},"type":"binary-expr","locations":[{"start":{"line":374,"column":8},"end":{"line":374,"column":28}},{"start":{"line":374,"column":28},"end":{"line":374,"column":48}},{"start":{"line":374,"column":48},"end":{"line":374,"column":68}},{"start":{"line":374,"column":68},"end":{"line":374,"column":89}},{"start":{"line":374,"column":89},"end":{"line":374,"column":null}}],"line":374},"43":{"loc":{"start":{"line":393,"column":4},"end":{"line":394,"column":null}},"type":"if","locations":[{"start":{"line":393,"column":4},"end":{"line":394,"column":null}},{"start":{},"end":{}}],"line":393},"44":{"loc":{"start":{"line":398,"column":4},"end":{"line":399,"column":null}},"type":"if","locations":[{"start":{"line":398,"column":4},"end":{"line":399,"column":null}},{"start":{},"end":{}}],"line":398},"45":{"loc":{"start":{"line":398,"column":8},"end":{"line":398,"column":null}},"type":"binary-expr","locations":[{"start":{"line":398,"column":8},"end":{"line":398,"column":28}},{"start":{"line":398,"column":28},"end":{"line":398,"column":48}},{"start":{"line":398,"column":48},"end":{"line":398,"column":69}},{"start":{"line":398,"column":69},"end":{"line":398,"column":null}}],"line":398},"46":{"loc":{"start":{"line":418,"column":4},"end":{"line":419,"column":null}},"type":"if","locations":[{"start":{"line":418,"column":4},"end":{"line":419,"column":null}},{"start":{},"end":{}}],"line":418},"47":{"loc":{"start":{"line":423,"column":4},"end":{"line":424,"column":null}},"type":"if","locations":[{"start":{"line":423,"column":4},"end":{"line":424,"column":null}},{"start":{},"end":{}}],"line":423},"48":{"loc":{"start":{"line":427,"column":4},"end":{"line":428,"column":null}},"type":"if","locations":[{"start":{"line":427,"column":4},"end":{"line":428,"column":null}},{"start":{},"end":{}}],"line":427},"49":{"loc":{"start":{"line":440,"column":4},"end":{"line":454,"column":null}},"type":"if","locations":[{"start":{"line":440,"column":4},"end":{"line":454,"column":null}},{"start":{},"end":{}}],"line":440},"50":{"loc":{"start":{"line":441,"column":8},"end":{"line":447,"column":null}},"type":"if","locations":[{"start":{"line":441,"column":8},"end":{"line":447,"column":null}},{"start":{},"end":{}}],"line":441},"51":{"loc":{"start":{"line":457,"column":4},"end":{"line":463,"column":null}},"type":"if","locations":[{"start":{"line":457,"column":4},"end":{"line":463,"column":null}},{"start":{},"end":{}}],"line":457},"52":{"loc":{"start":{"line":462,"column":19},"end":{"line":462,"column":null}},"type":"binary-expr","locations":[{"start":{"line":462,"column":19},"end":{"line":462,"column":39}},{"start":{"line":462,"column":39},"end":{"line":462,"column":null}}],"line":462},"53":{"loc":{"start":{"line":473,"column":26},"end":{"line":473,"column":null}},"type":"binary-expr","locations":[{"start":{"line":473,"column":26},"end":{"line":473,"column":53}},{"start":{"line":473,"column":53},"end":{"line":473,"column":null}}],"line":473},"54":{"loc":{"start":{"line":481,"column":20},"end":{"line":481,"column":57}},"type":"binary-expr","locations":[{"start":{"line":481,"column":20},"end":{"line":481,"column":52}},{"start":{"line":481,"column":52},"end":{"line":481,"column":57}}],"line":481},"55":{"loc":{"start":{"line":482,"column":0},"end":{"line":486,"column":null}},"type":"if","locations":[{"start":{"line":482,"column":0},"end":{"line":486,"column":null}},{"start":{},"end":{}}],"line":482}},"s":{"0":3,"1":3,"2":3,"3":3,"4":3,"5":3,"6":3,"7":0,"8":3,"9":0,"10":3,"11":1,"12":1,"13":0,"14":1,"15":3,"16":0,"17":3,"18":3,"19":3,"20":3,"21":3,"22":3,"23":3,"24":3,"25":3,"26":3,"27":3,"28":3,"29":3,"30":0,"31":0,"32":0,"33":3,"34":1,"35":3,"36":10,"37":10,"38":2,"39":8,"40":3,"41":2,"42":2,"43":0,"44":2,"45":2,"46":0,"47":2,"48":1,"49":3,"50":2,"51":2,"52":0,"53":2,"54":2,"55":1,"56":1,"57":1,"58":0,"59":1,"60":0,"61":0,"62":1,"63":0,"64":1,"65":1,"66":3,"67":3,"68":3,"69":0,"70":3,"71":3,"72":0,"73":3,"74":1,"75":1,"76":0,"77":2,"78":0,"79":0,"80":2,"81":2,"82":0,"83":2,"84":2,"85":1,"86":1,"87":1,"88":0,"89":1,"90":0,"91":1,"92":1,"93":3,"94":1,"95":1,"96":0,"97":1,"98":1,"99":0,"100":1,"101":0,"102":0,"103":0,"104":1,"105":1,"106":0,"107":0,"108":0,"109":0,"110":0,"111":0,"112":1,"113":3,"114":0,"115":0,"116":0,"117":0,"118":0,"119":0,"120":0,"121":0,"122":3,"123":0,"124":0,"125":0,"126":0,"127":0,"128":0,"129":3,"130":1,"131":1,"132":0,"133":1,"134":1,"135":1,"136":1,"137":3,"138":0,"139":3,"140":0,"141":0,"142":0,"143":0,"144":0,"145":0,"146":0,"147":0,"148":0,"149":0,"150":0,"151":0,"152":0,"153":3,"154":0,"155":0,"156":0,"157":0,"158":0,"159":0,"160":0,"161":0,"162":0,"163":0,"164":0,"165":0,"166":3,"167":0,"168":0,"169":0,"170":0,"171":0,"172":0,"173":0,"174":0,"175":0,"176":0,"177":0,"178":0,"179":0,"180":0,"181":0,"182":0,"183":0,"184":0,"185":0,"186":0,"187":0,"188":0,"189":0,"190":0,"191":3,"192":0,"193":0,"194":3,"195":3,"196":0,"197":0,"198":0},"f":{"0":0,"1":0,"2":1,"3":0,"4":3,"5":0,"6":1,"7":10,"8":2,"9":2,"10":3,"11":1,"12":0,"13":0,"14":1,"15":0,"16":0,"17":0,"18":0,"19":0,"20":0},"b":{"0":[0,3],"1":[3,3],"2":[0,0],"3":[1,0],"4":[2,8],"5":[10,9],"6":[0,2],"7":[0,2],"8":[2,2],"9":[0,2],"10":[1,1],"11":[0,1],"12":[0,1],"13":[1,0],"14":[0,1],"15":[0,3],"16":[0,3],"17":[1,2],"18":[1,0],"19":[1,1],"20":[0,2],"21":[0,2],"22":[1,0],"23":[0,1],"24":[1,0],"25":[1,0],"26":[0,1],"27":[0,1],"28":[0,1],"29":[0,0],"30":[1,0],"31":[0,0],"32":[0,0],"33":[0,0],"34":[0,0],"35":[0,0],"36":[0,0],"37":[0,0],"38":[0,1],"39":[0,0],"40":[0,0],"41":[0,0],"42":[0,0,0,0,0],"43":[0,0],"44":[0,0],"45":[0,0,0,0],"46":[0,0],"47":[0,0],"48":[0,0],"49":[0,0],"50":[0,0],"51":[0,0],"52":[0,0],"53":[0,0],"54":[3,3],"55":[0,3]},"meta":{"lastBranch":56,"lastFunction":21,"lastStatement":199,"seen":{"s:10:6:10:40":0,"s:11:23:11:43":1,"s:12:23:12:43":2,"s:13:22:13:Infinity":3,"b:13:64:13:75:13:75:13:Infinity":0,"s:14:25:14:121":4,"b:14:40:14:70:14:70:14:109":1,"s:15:28:15:84":5,"s:17:0:32:Infinity":6,"f:17:16:17:23":0,"s:18:4:31:Infinity":7,"s:33:0:36:Infinity":8,"f:33:22:33:35":1,"s:33:35:36:3":9,"s:37:0:45:Infinity":10,"f:37:25:37:32":2,"s:38:4:43:Infinity":11,"s:39:8:39:Infinity":12,"s:40:8:40:Infinity":13,"s:43:8:43:Infinity":14,"s:46:0:76:Infinity":15,"f:46:33:46:40":3,"s:47:4:75:Infinity":16,"s:77:28:77:80":17,"s:78:6:79:Infinity":18,"f:78:6:78:26":4,"s:79:4:79:Infinity":19,"s:81:28:86:2":20,"s:87:25:91:2":21,"s:92:28:95:2":22,"s:96:28:99:2":23,"s:100:27:105:2":24,"s:106:27:106:75":25,"s:107:41:118:2":26,"s:119:34:127:2":27,"s:128:28:137:2":28,"s:138:6:141:Infinity":29,"f:138:6:138:24":5,"b:139:4:140:Infinity:undefined:undefined:undefined:undefined":2,"s:139:4:140:Infinity":30,"s:140:8:140:Infinity":31,"s:141:4:141:Infinity":32,"s:143:6:144:Infinity":33,"f:143:6:143:24":6,"s:144:4:144:Infinity":34,"b:144:36:144:52:144:52:144:Infinity":3,"s:146:6:152:Infinity":35,"f:146:6:146:33":7,"s:147:23:147:Infinity":36,"b:149:4:150:Infinity:undefined:undefined:undefined:undefined":4,"s:149:4:150:Infinity":37,"b:149:8:149:23:149:23:149:75":5,"s:150:8:150:Infinity":38,"s:152:4:152:Infinity":39,"s:154:0:165:Infinity":40,"f:154:73:154:80":8,"s:155:19:155:62":41,"b:156:4:157:Infinity:undefined:undefined:undefined:undefined":6,"s:156:4:157:Infinity":42,"s:157:8:157:Infinity":43,"s:159:24:159:57":44,"b:160:4:161:Infinity:undefined:undefined:undefined:undefined":7,"s:160:4:161:Infinity":45,"b:160:8:160:37:160:41:160:66":8,"s:161:8:161:Infinity":46,"s:163:19:163:51":47,"s:164:4:164:Infinity":48,"s:166:0:205:Infinity":49,"f:166:83:166:90":9,"s:167:19:167:59":50,"b:168:4:169:Infinity:undefined:undefined:undefined:undefined":9,"s:168:4:169:Infinity":51,"s:169:8:169:Infinity":52,"s:171:20:171:59":53,"b:172:4:173:Infinity:undefined:undefined:undefined:undefined":10,"s:172:4:173:Infinity":54,"s:173:8:173:Infinity":55,"s:175:25:175:70":56,"b:176:4:177:Infinity:undefined:undefined:undefined:undefined":11,"s:176:4:177:Infinity":57,"s:177:8:177:Infinity":58,"b:179:4:187:Infinity:undefined:undefined:undefined:undefined":12,"s:179:4:187:Infinity":59,"b:179:8:179:43:179:47:179:77":13,"s:180:22:186:10":60,"s:187:8:187:Infinity":61,"b:189:4:190:Infinity:undefined:undefined:undefined:undefined":14,"s:189:4:190:Infinity":62,"s:190:8:190:Infinity":63,"s:192:19:197:6":64,"s:198:4:204:Infinity":65,"s:206:0:280:Infinity":66,"f:206:84:206:91":10,"s:207:19:207:62":67,"b:208:4:209:Infinity:undefined:undefined:undefined:undefined":15,"s:208:4:209:Infinity":68,"s:209:8:209:Infinity":69,"s:211:20:211:59":70,"b:212:4:213:Infinity:undefined:undefined:undefined:undefined":16,"s:212:4:213:Infinity":71,"s:213:8:213:Infinity":72,"b:215:4:225:Infinity:undefined:undefined:undefined:undefined":17,"s:215:4:225:Infinity":73,"b:217:8:223:Infinity:undefined:undefined:undefined:undefined":18,"s:217:8:223:Infinity":74,"b:217:12:217:45:217:45:217:92":19,"s:218:12:223:Infinity":75,"s:225:8:225:Infinity":76,"b:227:4:235:Infinity:undefined:undefined:undefined:undefined":20,"s:227:4:235:Infinity":77,"s:228:22:234:10":78,"s:235:8:235:Infinity":79,"s:237:17:237:66":80,"b:238:4:239:Infinity:undefined:undefined:undefined:undefined":21,"s:238:4:239:Infinity":81,"s:239:8:239:Infinity":82,"s:242:4:268:Infinity":83,"s:243:8:253:Infinity":84,"b:256:8:266:Infinity:undefined:undefined:undefined:undefined":22,"s:256:8:266:Infinity":85,"s:257:30:257:62":86,"b:258:12:264:Infinity:undefined:undefined:undefined:undefined":23,"s:258:12:264:Infinity":87,"b:258:16:258:52:258:52:258:90":24,"s:259:16:264:Infinity":88,"s:266:12:266:Infinity":89,"b:266:81:266:102:266:102:266:113":25,"s:268:8:268:Infinity":90,"s:270:4:278:Infinity":91,"s:279:4:279:Infinity":92,"s:281:0:320:Infinity":93,"f:281:84:281:91":11,"s:282:19:282:62":94,"b:283:4:284:Infinity:undefined:undefined:undefined:undefined":26,"s:283:4:284:Infinity":95,"s:284:8:284:Infinity":96,"s:286:20:286:59":97,"b:287:4:288:Infinity:undefined:undefined:undefined:undefined":27,"s:287:4:288:Infinity":98,"s:288:8:288:Infinity":99,"b:290:4:294:Infinity:undefined:undefined:undefined:undefined":28,"s:290:4:294:Infinity":100,"b:291:8:292:Infinity:undefined:undefined:undefined:undefined":29,"s:291:8:292:Infinity":101,"s:292:12:292:Infinity":102,"s:294:8:294:Infinity":103,"s:297:4:317:Infinity":104,"s:298:8:307:Infinity":105,"b:303:24:303:46:303:46:303:Infinity":30,"b:310:8:315:Infinity:undefined:undefined:undefined:undefined":31,"s:310:8:315:Infinity":106,"s:311:30:311:62":107,"b:312:12:313:Infinity:undefined:undefined:undefined:undefined":32,"s:312:12:313:Infinity":108,"s:313:16:313:Infinity":109,"s:315:12:315:Infinity":110,"b:315:81:315:102:315:102:315:113":33,"s:317:8:317:Infinity":111,"s:319:4:319:Infinity":112,"s:321:0:338:Infinity":113,"f:321:85:321:92":12,"s:322:19:322:61":114,"b:323:4:324:Infinity:undefined:undefined:undefined:undefined":34,"s:323:4:324:Infinity":115,"s:324:8:324:Infinity":116,"s:326:20:326:59":117,"b:327:4:328:Infinity:undefined:undefined:undefined:undefined":35,"s:327:4:328:Infinity":118,"s:328:8:328:Infinity":119,"s:330:20:336:6":120,"b:334:18:334:42:334:42:334:44":36,"s:337:4:337:Infinity":121,"s:339:0:347:Infinity":122,"f:339:35:339:42":13,"s:340:20:340:59":123,"b:341:4:342:Infinity:undefined:undefined:undefined:undefined":37,"s:341:4:342:Infinity":124,"s:342:8:342:Infinity":125,"s:344:18:344:60":126,"s:345:20:345:70":127,"s:346:4:346:Infinity":128,"s:348:0:357:Infinity":129,"f:348:44:348:51":14,"s:349:20:349:59":130,"b:350:4:351:Infinity:undefined:undefined:undefined:undefined":38,"s:350:4:351:Infinity":131,"s:351:8:351:Infinity":132,"s:353:19:353:59":133,"s:354:18:354:61":134,"s:355:20:355:71":135,"s:356:4:356:Infinity":136,"s:361:0:363:Infinity":137,"f:361:41:361:48":15,"s:362:4:362:Infinity":138,"s:364:0:390:Infinity":139,"f:364:43:364:50":16,"s:365:19:365:75":140,"b:366:4:367:Infinity:undefined:undefined:undefined:undefined":39,"s:366:4:367:Infinity":141,"s:367:8:367:Infinity":142,"s:369:65:369:Infinity":143,"s:371:10:371:50":144,"s:373:19:373:Infinity":145,"b:373:36:373:62:373:62:373:Infinity":40,"b:374:4:375:Infinity:undefined:undefined:undefined:undefined":41,"s:374:4:375:Infinity":146,"b:374:8:374:28:374:28:374:48:374:48:374:68:374:68:374:89:374:89:374:Infinity":42,"s:375:8:375:Infinity":147,"s:376:26:376:70":148,"s:377:4:388:Infinity":149,"s:378:27:378:119":150,"s:379:8:385:Infinity":151,"s:388:8:388:Infinity":152,"s:391:0:412:Infinity":153,"f:391:42:391:49":17,"s:392:19:392:68":154,"b:393:4:394:Infinity:undefined:undefined:undefined:undefined":43,"s:393:4:394:Infinity":155,"s:394:8:394:Infinity":156,"s:396:63:396:Infinity":157,"s:397:19:397:Infinity":158,"b:398:4:399:Infinity:undefined:undefined:undefined:undefined":44,"s:398:4:399:Infinity":159,"b:398:8:398:28:398:28:398:48:398:48:398:69:398:69:398:Infinity":45,"s:399:8:399:Infinity":160,"s:400:26:400:70":161,"s:401:4:410:Infinity":162,"s:402:29:402:118":163,"s:403:8:407:Infinity":164,"s:410:8:410:Infinity":165,"s:416:0:476:Infinity":166,"f:416:40:416:47":18,"s:417:19:417:62":167,"b:418:4:419:Infinity:undefined:undefined:undefined:undefined":46,"s:418:4:419:Infinity":168,"s:419:8:419:Infinity":169,"s:421:19:421:Infinity":170,"s:422:20:422:51":171,"b:423:4:424:Infinity:undefined:undefined:undefined:undefined":47,"s:423:4:424:Infinity":172,"s:424:8:424:Infinity":173,"s:426:32:426:Infinity":174,"b:427:4:428:Infinity:undefined:undefined:undefined:undefined":48,"s:427:4:428:Infinity":175,"s:428:8:428:Infinity":176,"s:431:4:435:Infinity":177,"s:432:8:432:Infinity":178,"s:435:8:435:Infinity":179,"s:437:28:437:78":180,"s:438:23:438:Infinity":181,"s:439:23:439:72":182,"b:440:4:454:Infinity:undefined:undefined:undefined:undefined":49,"s:440:4:454:Infinity":183,"b:441:8:447:Infinity:undefined:undefined:undefined:undefined":50,"s:441:8:447:Infinity":184,"s:442:12:447:Infinity":185,"s:449:8:454:Infinity":186,"s:456:23:456:99":187,"b:457:4:463:Infinity:undefined:undefined:undefined:undefined":51,"s:457:4:463:Infinity":188,"s:458:8:463:Infinity":189,"b:462:19:462:39:462:39:462:Infinity":52,"s:465:4:475:Infinity":190,"b:473:26:473:53:473:53:473:Infinity":53,"s:477:0:480:Infinity":191,"f:477:30:477:37":19,"s:478:20:478:41":192,"s:479:4:479:Infinity":193,"s:481:13:481:57":194,"b:481:20:481:52:481:52:481:57":54,"b:482:0:486:Infinity:undefined:undefined:undefined:undefined":55,"s:482:0:486:Infinity":195,"s:483:4:486:Infinity":196,"f:483:45:483:52":20,"s:484:8:484:Infinity":197,"s:485:8:485:Infinity":198}}}
,"/Users/doublegreen/Library/Mobile Documents/com~apple~CloudDocs/MIND/services/a2a-service/dist/adapters/JupiterAdapter.js": {"path":"/Users/doublegreen/Library/Mobile Documents/com~apple~CloudDocs/MIND/services/a2a-service/dist/adapters/JupiterAdapter.js","statementMap":{"0":{"start":{"line":8,"column":11},"end":{"line":8,"column":20}},"1":{"start":{"line":9,"column":16},"end":{"line":9,"column":41}},"2":{"start":{"line":11,"column":13},"end":{"line":15,"column":5}},"3":{"start":{"line":17,"column":8},"end":{"line":19,"column":null}},"4":{"start":{"line":18,"column":12},"end":{"line":18,"column":null}},"5":{"start":{"line":20,"column":8},"end":{"line":22,"column":null}},"6":{"start":{"line":21,"column":12},"end":{"line":21,"column":null}},"7":{"start":{"line":23,"column":27},"end":{"line":23,"column":68}},"8":{"start":{"line":24,"column":28},"end":{"line":24,"column":70}},"9":{"start":{"line":25,"column":26},"end":{"line":25,"column":42}},"10":{"start":{"line":26,"column":27},"end":{"line":26,"column":44}},"11":{"start":{"line":27,"column":8},"end":{"line":29,"column":null}},"12":{"start":{"line":28,"column":12},"end":{"line":28,"column":null}},"13":{"start":{"line":30,"column":8},"end":{"line":63,"column":null}},"14":{"start":{"line":32,"column":29},"end":{"line":32,"column":82}},"15":{"start":{"line":33,"column":32},"end":{"line":38,"column":13}},"16":{"start":{"line":39,"column":34},"end":{"line":39,"column":77}},"17":{"start":{"line":40,"column":12},"end":{"line":42,"column":null}},"18":{"start":{"line":41,"column":16},"end":{"line":41,"column":null}},"19":{"start":{"line":44,"column":33},"end":{"line":50,"column":14}},"20":{"start":{"line":51,"column":39},"end":{"line":51,"column":90}},"21":{"start":{"line":52,"column":35},"end":{"line":52,"column":87}},"22":{"start":{"line":53,"column":12},"end":{"line":59,"column":null}},"23":{"start":{"line":62,"column":12},"end":{"line":62,"column":null}},"24":{"start":{"line":66,"column":8},"end":{"line":68,"column":null}},"25":{"start":{"line":67,"column":12},"end":{"line":67,"column":null}},"26":{"start":{"line":69,"column":8},"end":{"line":92,"column":null}},"27":{"start":{"line":71,"column":12},"end":{"line":71,"column":null}},"28":{"start":{"line":73,"column":27},"end":{"line":76,"column":14}},"29":{"start":{"line":77,"column":12},"end":{"line":77,"column":null}},"30":{"start":{"line":78,"column":12},"end":{"line":83,"column":null}},"31":{"start":{"line":86,"column":12},"end":{"line":91,"column":null}}},"fnMap":{"0":{"name":"(anonymous_0)","decl":{"start":{"line":16,"column":10},"end":{"line":16,"column":18}},"loc":{"start":{"line":16,"column":56},"end":{"line":64,"column":null}},"line":16},"1":{"name":"(anonymous_1)","decl":{"start":{"line":65,"column":10},"end":{"line":65,"column":17}},"loc":{"start":{"line":65,"column":50},"end":{"line":93,"column":null}},"line":65}},"branchMap":{"0":{"loc":{"start":{"line":17,"column":8},"end":{"line":19,"column":null}},"type":"if","locations":[{"start":{"line":17,"column":8},"end":{"line":19,"column":null}},{"start":{},"end":{}}],"line":17},"1":{"loc":{"start":{"line":20,"column":8},"end":{"line":22,"column":null}},"type":"if","locations":[{"start":{"line":20,"column":8},"end":{"line":22,"column":null}},{"start":{},"end":{}}],"line":20},"2":{"loc":{"start":{"line":27,"column":8},"end":{"line":29,"column":null}},"type":"if","locations":[{"start":{"line":27,"column":8},"end":{"line":29,"column":null}},{"start":{},"end":{}}],"line":27},"3":{"loc":{"start":{"line":27,"column":12},"end":{"line":27,"column":68}},"type":"binary-expr","locations":[{"start":{"line":27,"column":12},"end":{"line":27,"column":22}},{"start":{"line":27,"column":26},"end":{"line":27,"column":37}},{"start":{"line":27,"column":41},"end":{"line":27,"column":52}},{"start":{"line":27,"column":56},"end":{"line":27,"column":68}}],"line":27},"4":{"loc":{"start":{"line":37,"column":29},"end":{"line":37,"column":56}},"type":"binary-expr","locations":[{"start":{"line":37,"column":29},"end":{"line":37,"column":50}},{"start":{"line":37,"column":54},"end":{"line":37,"column":56}}],"line":37},"5":{"loc":{"start":{"line":40,"column":12},"end":{"line":42,"column":null}},"type":"if","locations":[{"start":{"line":40,"column":12},"end":{"line":42,"column":null}},{"start":{},"end":{}}],"line":40},"6":{"loc":{"start":{"line":66,"column":8},"end":{"line":68,"column":null}},"type":"if","locations":[{"start":{"line":66,"column":8},"end":{"line":68,"column":null}},{"start":{},"end":{}}],"line":66},"7":{"loc":{"start":{"line":66,"column":12},"end":{"line":66,"column":61}},"type":"binary-expr","locations":[{"start":{"line":66,"column":12},"end":{"line":66,"column":31}},{"start":{"line":66,"column":35},"end":{"line":66,"column":61}}],"line":66},"8":{"loc":{"start":{"line":79,"column":26},"end":{"line":79,"column":65}},"type":"binary-expr","locations":[{"start":{"line":79,"column":26},"end":{"line":79,"column":45}},{"start":{"line":79,"column":49},"end":{"line":79,"column":65}}],"line":79},"9":{"loc":{"start":{"line":87,"column":26},"end":{"line":87,"column":65}},"type":"binary-expr","locations":[{"start":{"line":87,"column":26},"end":{"line":87,"column":45}},{"start":{"line":87,"column":49},"end":{"line":87,"column":65}}],"line":87}},"s":{"0":3,"1":3,"2":3,"3":0,"4":0,"5":0,"6":0,"7":0,"8":0,"9":0,"10":0,"11":0,"12":0,"13":0,"14":0,"15":0,"16":0,"17":0,"18":0,"19":0,"20":0,"21":0,"22":0,"23":0,"24":0,"25":0,"26":0,"27":0,"28":0,"29":0,"30":0,"31":0},"f":{"0":0,"1":0},"b":{"0":[0,0],"1":[0,0],"2":[0,0],"3":[0,0,0,0],"4":[0,0],"5":[0,0],"6":[0,0],"7":[0,0],"8":[0,0],"9":[0,0]},"meta":{"lastBranch":10,"lastFunction":2,"lastStatement":32,"seen":{"s:8:11:8:20":0,"s:9:16:9:41":1,"s:11:13:15:5":2,"f:16:10:16:18":0,"b:17:8:19:Infinity:undefined:undefined:undefined:undefined":0,"s:17:8:19:Infinity":3,"s:18:12:18:Infinity":4,"b:20:8:22:Infinity:undefined:undefined:undefined:undefined":1,"s:20:8:22:Infinity":5,"s:21:12:21:Infinity":6,"s:23:27:23:68":7,"s:24:28:24:70":8,"s:25:26:25:42":9,"s:26:27:26:44":10,"b:27:8:29:Infinity:undefined:undefined:undefined:undefined":2,"s:27:8:29:Infinity":11,"b:27:12:27:22:27:26:27:37:27:41:27:52:27:56:27:68":3,"s:28:12:28:Infinity":12,"s:30:8:63:Infinity":13,"s:32:29:32:82":14,"s:33:32:38:13":15,"b:37:29:37:50:37:54:37:56":4,"s:39:34:39:77":16,"b:40:12:42:Infinity:undefined:undefined:undefined:undefined":5,"s:40:12:42:Infinity":17,"s:41:16:41:Infinity":18,"s:44:33:50:14":19,"s:51:39:51:90":20,"s:52:35:52:87":21,"s:53:12:59:Infinity":22,"s:62:12:62:Infinity":23,"f:65:10:65:17":1,"b:66:8:68:Infinity:undefined:undefined:undefined:undefined":6,"s:66:8:68:Infinity":24,"b:66:12:66:31:66:35:66:61":7,"s:67:12:67:Infinity":25,"s:69:8:92:Infinity":26,"s:71:12:71:Infinity":27,"s:73:27:76:14":28,"s:77:12:77:Infinity":29,"s:78:12:83:Infinity":30,"b:79:26:79:45:79:49:79:65":8,"s:86:12:91:Infinity":31,"b:87:26:87:45:87:49:87:65":9}}}
,"/Users/doublegreen/Library/Mobile Documents/com~apple~CloudDocs/MIND/services/a2a-service/dist/core/IntentFirewall.js": {"path":"/Users/doublegreen/Library/Mobile Documents/com~apple~CloudDocs/MIND/services/a2a-service/dist/core/IntentFirewall.js","statementMap":{"0":{"start":{"line":6,"column":23},"end":{"line":6,"column":26}},"1":{"start":{"line":7,"column":24},"end":{"line":7,"column":56}},"2":{"start":{"line":8,"column":21},"end":{"line":8,"column":44}},"3":{"start":{"line":9,"column":35},"end":{"line":9,"column":37}},"4":{"start":{"line":11,"column":8},"end":{"line":13,"column":null}},"5":{"start":{"line":12,"column":12},"end":{"line":12,"column":null}},"6":{"start":{"line":15,"column":8},"end":{"line":17,"column":null}},"7":{"start":{"line":16,"column":12},"end":{"line":16,"column":null}},"8":{"start":{"line":19,"column":8},"end":{"line":21,"column":null}},"9":{"start":{"line":20,"column":12},"end":{"line":20,"column":null}},"10":{"start":{"line":23,"column":8},"end":{"line":25,"column":null}},"11":{"start":{"line":24,"column":12},"end":{"line":24,"column":null}},"12":{"start":{"line":27,"column":8},"end":{"line":30,"column":null}},"13":{"start":{"line":29,"column":12},"end":{"line":29,"column":null}},"14":{"start":{"line":32,"column":8},"end":{"line":34,"column":null}},"15":{"start":{"line":33,"column":12},"end":{"line":33,"column":null}},"16":{"start":{"line":35,"column":8},"end":{"line":35,"column":null}}},"fnMap":{"0":{"name":"(anonymous_0)","decl":{"start":{"line":10,"column":4},"end":{"line":10,"column":18}},"loc":{"start":{"line":10,"column":46},"end":{"line":36,"column":null}},"line":10}},"branchMap":{"0":{"loc":{"start":{"line":11,"column":8},"end":{"line":13,"column":null}},"type":"if","locations":[{"start":{"line":11,"column":8},"end":{"line":13,"column":null}},{"start":{},"end":{}}],"line":11},"1":{"loc":{"start":{"line":11,"column":12},"end":{"line":11,"column":65}},"type":"binary-expr","locations":[{"start":{"line":11,"column":12},"end":{"line":11,"column":43}},{"start":{"line":11,"column":47},"end":{"line":11,"column":65}}],"line":11},"2":{"loc":{"start":{"line":15,"column":8},"end":{"line":17,"column":null}},"type":"if","locations":[{"start":{"line":15,"column":8},"end":{"line":17,"column":null}},{"start":{},"end":{}}],"line":15},"3":{"loc":{"start":{"line":19,"column":8},"end":{"line":21,"column":null}},"type":"if","locations":[{"start":{"line":19,"column":8},"end":{"line":21,"column":null}},{"start":{},"end":{}}],"line":19},"4":{"loc":{"start":{"line":23,"column":8},"end":{"line":25,"column":null}},"type":"if","locations":[{"start":{"line":23,"column":8},"end":{"line":25,"column":null}},{"start":{},"end":{}}],"line":23},"5":{"loc":{"start":{"line":23,"column":12},"end":{"line":23,"column":97}},"type":"binary-expr","locations":[{"start":{"line":23,"column":12},"end":{"line":23,"column":50}},{"start":{"line":23,"column":54},"end":{"line":23,"column":97}}],"line":23},"6":{"loc":{"start":{"line":27,"column":8},"end":{"line":30,"column":null}},"type":"if","locations":[{"start":{"line":27,"column":8},"end":{"line":30,"column":null}},{"start":{},"end":{}}],"line":27},"7":{"loc":{"start":{"line":27,"column":12},"end":{"line":28,"column":131}},"type":"binary-expr","locations":[{"start":{"line":27,"column":12},"end":{"line":27,"column":47}},{"start":{"line":28,"column":13},"end":{"line":28,"column":52}},{"start":{"line":28,"column":56},"end":{"line":28,"column":81}},{"start":{"line":28,"column":85},"end":{"line":28,"column":130}}],"line":27},"8":{"loc":{"start":{"line":32,"column":8},"end":{"line":34,"column":null}},"type":"if","locations":[{"start":{"line":32,"column":8},"end":{"line":34,"column":null}},{"start":{},"end":{}}],"line":32},"9":{"loc":{"start":{"line":32,"column":12},"end":{"line":32,"column":104}},"type":"binary-expr","locations":[{"start":{"line":32,"column":12},"end":{"line":32,"column":50}},{"start":{"line":32,"column":54},"end":{"line":32,"column":104}}],"line":32}},"s":{"0":10,"1":10,"2":10,"3":10,"4":7,"5":1,"6":6,"7":1,"8":5,"9":1,"10":4,"11":1,"12":3,"13":1,"14":2,"15":1,"16":1},"f":{"0":7},"b":{"0":[1,6],"1":[7,7],"2":[1,5],"3":[1,4],"4":[1,3],"5":[4,4],"6":[1,2],"7":[3,1,1,1],"8":[1,1],"9":[2,2]},"meta":{"lastBranch":10,"lastFunction":1,"lastStatement":17,"seen":{"s:6:23:6:26":0,"s:7:24:7:56":1,"s:8:21:8:44":2,"s:9:35:9:37":3,"f:10:4:10:18":0,"b:11:8:13:Infinity:undefined:undefined:undefined:undefined":0,"s:11:8:13:Infinity":4,"b:11:12:11:43:11:47:11:65":1,"s:12:12:12:Infinity":5,"b:15:8:17:Infinity:undefined:undefined:undefined:undefined":2,"s:15:8:17:Infinity":6,"s:16:12:16:Infinity":7,"b:19:8:21:Infinity:undefined:undefined:undefined:undefined":3,"s:19:8:21:Infinity":8,"s:20:12:20:Infinity":9,"b:23:8:25:Infinity:undefined:undefined:undefined:undefined":4,"s:23:8:25:Infinity":10,"b:23:12:23:50:23:54:23:97":5,"s:24:12:24:Infinity":11,"b:27:8:30:Infinity:undefined:undefined:undefined:undefined":6,"s:27:8:30:Infinity":12,"b:27:12:27:47:28:13:28:52:28:56:28:81:28:85:28:130":7,"s:29:12:29:Infinity":13,"b:32:8:34:Infinity:undefined:undefined:undefined:undefined":8,"s:32:8:34:Infinity":14,"b:32:12:32:50:32:54:32:104":9,"s:33:12:33:Infinity":15,"s:35:8:35:Infinity":16}}}
,"/Users/doublegreen/Library/Mobile Documents/com~apple~CloudDocs/MIND/services/a2a-service/dist/core/agents/TreasuryAgent.js": {"path":"/Users/doublegreen/Library/Mobile Documents/com~apple~CloudDocs/MIND/services/a2a-service/dist/core/agents/TreasuryAgent.js","statementMap":{"0":{"start":{"line":8,"column":8},"end":{"line":8,"column":null}},"1":{"start":{"line":10,"column":8},"end":{"line":15,"column":null}},"2":{"start":{"line":18,"column":8},"end":{"line":18,"column":null}},"3":{"start":{"line":24,"column":22},"end":{"line":24,"column":63}},"4":{"start":{"line":25,"column":8},"end":{"line":26,"column":null}},"5":{"start":{"line":26,"column":12},"end":{"line":26,"column":null}},"6":{"start":{"line":27,"column":8},"end":{"line":29,"column":null}},"7":{"start":{"line":28,"column":12},"end":{"line":28,"column":null}},"8":{"start":{"line":30,"column":24},"end":{"line":30,"column":63}},"9":{"start":{"line":31,"column":8},"end":{"line":36,"column":null}},"10":{"start":{"line":33,"column":12},"end":{"line":33,"column":null}},"11":{"start":{"line":34,"column":12},"end":{"line":34,"column":null}},"12":{"start":{"line":35,"column":12},"end":{"line":35,"column":null}},"13":{"start":{"line":37,"column":8},"end":{"line":37,"column":null}},"14":{"start":{"line":43,"column":22},"end":{"line":43,"column":63}},"15":{"start":{"line":44,"column":8},"end":{"line":45,"column":null}},"16":{"start":{"line":45,"column":12},"end":{"line":45,"column":null}},"17":{"start":{"line":46,"column":8},"end":{"line":48,"column":null}},"18":{"start":{"line":47,"column":12},"end":{"line":47,"column":null}},"19":{"start":{"line":49,"column":8},"end":{"line":49,"column":null}},"20":{"start":{"line":50,"column":8},"end":{"line":50,"column":null}},"21":{"start":{"line":51,"column":8},"end":{"line":51,"column":null}}},"fnMap":{"0":{"name":"(anonymous_0)","decl":{"start":{"line":7,"column":4},"end":{"line":7,"column":15}},"loc":{"start":{"line":7,"column":18},"end":{"line":16,"column":null}},"line":7},"1":{"name":"(anonymous_1)","decl":{"start":{"line":17,"column":4},"end":{"line":17,"column":20}},"loc":{"start":{"line":17,"column":28},"end":{"line":19,"column":null}},"line":17},"2":{"name":"(anonymous_2)","decl":{"start":{"line":23,"column":4},"end":{"line":23,"column":21}},"loc":{"start":{"line":23,"column":45},"end":{"line":38,"column":null}},"line":23},"3":{"name":"(anonymous_3)","decl":{"start":{"line":42,"column":4},"end":{"line":42,"column":19}},"loc":{"start":{"line":42,"column":41},"end":{"line":52,"column":null}},"line":42}},"branchMap":{"0":{"loc":{"start":{"line":18,"column":15},"end":{"line":18,"column":64}},"type":"binary-expr","locations":[{"start":{"line":18,"column":15},"end":{"line":18,"column":56}},{"start":{"line":18,"column":60},"end":{"line":18,"column":64}}],"line":18},"1":{"loc":{"start":{"line":25,"column":8},"end":{"line":26,"column":null}},"type":"if","locations":[{"start":{"line":25,"column":8},"end":{"line":26,"column":null}},{"start":{},"end":{}}],"line":25},"2":{"loc":{"start":{"line":27,"column":8},"end":{"line":29,"column":null}},"type":"if","locations":[{"start":{"line":27,"column":8},"end":{"line":29,"column":null}},{"start":{},"end":{}}],"line":27},"3":{"loc":{"start":{"line":31,"column":8},"end":{"line":36,"column":null}},"type":"if","locations":[{"start":{"line":31,"column":8},"end":{"line":36,"column":null}},{"start":{},"end":{}}],"line":31},"4":{"loc":{"start":{"line":44,"column":8},"end":{"line":45,"column":null}},"type":"if","locations":[{"start":{"line":44,"column":8},"end":{"line":45,"column":null}},{"start":{},"end":{}}],"line":44},"5":{"loc":{"start":{"line":46,"column":8},"end":{"line":48,"column":null}},"type":"if","locations":[{"start":{"line":46,"column":8},"end":{"line":48,"column":null}},{"start":{},"end":{}}],"line":46}},"s":{"0":9,"1":9,"2":7,"3":4,"4":4,"5":1,"6":3,"7":1,"8":2,"9":2,"10":1,"11":1,"12":1,"13":1,"14":3,"15":3,"16":1,"17":2,"18":1,"19":1,"20":1,"21":1},"f":{"0":9,"1":7,"2":4,"3":3},"b":{"0":[7,1],"1":[1,3],"2":[1,2],"3":[1,1],"4":[1,2],"5":[1,1]},"meta":{"lastBranch":6,"lastFunction":4,"lastStatement":22,"seen":{"f:7:4:7:15":0,"s:8:8:8:Infinity":0,"s:10:8:15:Infinity":1,"f:17:4:17:20":1,"s:18:8:18:Infinity":2,"b:18:15:18:56:18:60:18:64":0,"f:23:4:23:21":2,"s:24:22:24:63":3,"b:25:8:26:Infinity:undefined:undefined:undefined:undefined":1,"s:25:8:26:Infinity":4,"s:26:12:26:Infinity":5,"b:27:8:29:Infinity:undefined:undefined:undefined:undefined":2,"s:27:8:29:Infinity":6,"s:28:12:28:Infinity":7,"s:30:24:30:63":8,"b:31:8:36:Infinity:undefined:undefined:undefined:undefined":3,"s:31:8:36:Infinity":9,"s:33:12:33:Infinity":10,"s:34:12:34:Infinity":11,"s:35:12:35:Infinity":12,"s:37:8:37:Infinity":13,"f:42:4:42:19":3,"s:43:22:43:63":14,"b:44:8:45:Infinity:undefined:undefined:undefined:undefined":4,"s:44:8:45:Infinity":15,"s:45:12:45:Infinity":16,"b:46:8:48:Infinity:undefined:undefined:undefined:undefined":5,"s:46:8:48:Infinity":17,"s:47:12:47:Infinity":18,"s:49:8:49:Infinity":19,"s:50:8:50:Infinity":20,"s:51:8:51:Infinity":21}}}
,"/Users/doublegreen/Library/Mobile Documents/com~apple~CloudDocs/MIND/services/a2a-service/dist/core/payments/SolanaPaymentsLayer.js": {"path":"/Users/doublegreen/Library/Mobile Documents/com~apple~CloudDocs/MIND/services/a2a-service/dist/core/payments/SolanaPaymentsLayer.js","statementMap":{"0":{"start":{"line":7,"column":8},"end":{"line":7,"column":null}},"1":{"start":{"line":8,"column":8},"end":{"line":8,"column":null}},"2":{"start":{"line":16,"column":21},"end":{"line":16,"column":51}},"3":{"start":{"line":17,"column":8},"end":{"line":19,"column":null}},"4":{"start":{"line":18,"column":12},"end":{"line":18,"column":null}},"5":{"start":{"line":21,"column":33},"end":{"line":21,"column":51}},"6":{"start":{"line":22,"column":29},"end":{"line":22,"column":66}},"7":{"start":{"line":24,"column":18},"end":{"line":24,"column":120}},"8":{"start":{"line":26,"column":8},"end":{"line":28,"column":null}},"9":{"start":{"line":27,"column":12},"end":{"line":27,"column":null}},"10":{"start":{"line":29,"column":8},"end":{"line":31,"column":null}},"11":{"start":{"line":30,"column":12},"end":{"line":30,"column":null}},"12":{"start":{"line":32,"column":8},"end":{"line":37,"column":null}},"13":{"start":{"line":45,"column":21},"end":{"line":45,"column":51}},"14":{"start":{"line":46,"column":8},"end":{"line":48,"column":null}},"15":{"start":{"line":47,"column":12},"end":{"line":47,"column":null}},"16":{"start":{"line":49,"column":8},"end":{"line":81,"column":null}},"17":{"start":{"line":50,"column":36},"end":{"line":50,"column":63}},"18":{"start":{"line":52,"column":31},"end":{"line":52,"column":120}},"19":{"start":{"line":53,"column":12},"end":{"line":55,"column":null}},"20":{"start":{"line":54,"column":16},"end":{"line":54,"column":null}},"21":{"start":{"line":56,"column":32},"end":{"line":56,"column":55}},"22":{"start":{"line":58,"column":23},"end":{"line":61,"column":14}},"23":{"start":{"line":62,"column":12},"end":{"line":64,"column":null}},"24":{"start":{"line":63,"column":16},"end":{"line":63,"column":null}},"25":{"start":{"line":65,"column":12},"end":{"line":67,"column":null}},"26":{"start":{"line":66,"column":16},"end":{"line":66,"column":null}},"27":{"start":{"line":69,"column":28},"end":{"line":69,"column":90}},"28":{"start":{"line":70,"column":12},"end":{"line":75,"column":null}},"29":{"start":{"line":71,"column":16},"end":{"line":71,"column":null}},"30":{"start":{"line":74,"column":16},"end":{"line":74,"column":null}},"31":{"start":{"line":78,"column":12},"end":{"line":78,"column":null}},"32":{"start":{"line":80,"column":12},"end":{"line":80,"column":null}},"33":{"start":{"line":84,"column":8},"end":{"line":85,"column":null}},"34":{"start":{"line":85,"column":12},"end":{"line":85,"column":null}},"35":{"start":{"line":86,"column":8},"end":{"line":117,"column":null}},"36":{"start":{"line":89,"column":33},"end":{"line":89,"column":122}},"37":{"start":{"line":89,"column":85},"end":{"line":89,"column":121}},"38":{"start":{"line":90,"column":12},"end":{"line":91,"column":null}},"39":{"start":{"line":91,"column":16},"end":{"line":91,"column":null}},"40":{"start":{"line":92,"column":31},"end":{"line":92,"column":69}},"41":{"start":{"line":93,"column":32},"end":{"line":93,"column":71}},"42":{"start":{"line":94,"column":40},"end":{"line":94,"column":64}},"43":{"start":{"line":95,"column":37},"end":{"line":95,"column":57}},"44":{"start":{"line":97,"column":12},"end":{"line":97,"column":null}},"45":{"start":{"line":102,"column":37},"end":{"line":102,"column":67}},"46":{"start":{"line":103,"column":38},"end":{"line":103,"column":69}},"47":{"start":{"line":105,"column":41},"end":{"line":105,"column":189}},"48":{"start":{"line":105,"column":72},"end":{"line":105,"column":188}},"49":{"start":{"line":106,"column":12},"end":{"line":108,"column":null}},"50":{"start":{"line":107,"column":16},"end":{"line":107,"column":null}},"51":{"start":{"line":110,"column":40},"end":{"line":110,"column":124}},"52":{"start":{"line":110,"column":70},"end":{"line":110,"column":123}},"53":{"start":{"line":111,"column":30},"end":{"line":111,"column":142}},"54":{"start":{"line":112,"column":31},"end":{"line":112,"column":88}},"55":{"start":{"line":113,"column":38},"end":{"line":113,"column":60}},"56":{"start":{"line":116,"column":12},"end":{"line":116,"column":null}}},"fnMap":{"0":{"name":"(anonymous_0)","decl":{"start":{"line":6,"column":4},"end":{"line":6,"column":15}},"loc":{"start":{"line":6,"column":54},"end":{"line":9,"column":null}},"line":6},"1":{"name":"(anonymous_1)","decl":{"start":{"line":15,"column":4},"end":{"line":15,"column":24}},"loc":{"start":{"line":15,"column":95},"end":{"line":38,"column":null}},"line":15},"2":{"name":"(anonymous_2)","decl":{"start":{"line":44,"column":10},"end":{"line":44,"column":23}},"loc":{"start":{"line":44,"column":81},"end":{"line":82,"column":null}},"line":44},"3":{"name":"(anonymous_3)","decl":{"start":{"line":83,"column":4},"end":{"line":83,"column":20}},"loc":{"start":{"line":83,"column":62},"end":{"line":118,"column":null}},"line":83},"4":{"name":"(anonymous_4)","decl":{"start":{"line":89,"column":78},"end":{"line":89,"column":79}},"loc":{"start":{"line":89,"column":85},"end":{"line":89,"column":121}},"line":89},"5":{"name":"(anonymous_5)","decl":{"start":{"line":105,"column":64},"end":{"line":105,"column":65}},"loc":{"start":{"line":105,"column":72},"end":{"line":105,"column":188}},"line":105},"6":{"name":"(anonymous_6)","decl":{"start":{"line":110,"column":62},"end":{"line":110,"column":63}},"loc":{"start":{"line":110,"column":70},"end":{"line":110,"column":123}},"line":110}},"branchMap":{"0":{"loc":{"start":{"line":6,"column":28},"end":{"line":6,"column":52}},"type":"default-arg","locations":[{"start":{"line":6,"column":38},"end":{"line":6,"column":52}}],"line":6},"1":{"loc":{"start":{"line":15,"column":66},"end":{"line":15,"column":93}},"type":"default-arg","locations":[{"start":{"line":15,"column":74},"end":{"line":15,"column":93}}],"line":15},"2":{"loc":{"start":{"line":17,"column":8},"end":{"line":19,"column":null}},"type":"if","locations":[{"start":{"line":17,"column":8},"end":{"line":19,"column":null}},{"start":{},"end":{}}],"line":17},"3":{"loc":{"start":{"line":26,"column":8},"end":{"line":28,"column":null}},"type":"if","locations":[{"start":{"line":26,"column":8},"end":{"line":28,"column":null}},{"start":{},"end":{}}],"line":26},"4":{"loc":{"start":{"line":29,"column":8},"end":{"line":31,"column":null}},"type":"if","locations":[{"start":{"line":29,"column":8},"end":{"line":31,"column":null}},{"start":{},"end":{}}],"line":29},"5":{"loc":{"start":{"line":46,"column":8},"end":{"line":48,"column":null}},"type":"if","locations":[{"start":{"line":46,"column":8},"end":{"line":48,"column":null}},{"start":{},"end":{}}],"line":46},"6":{"loc":{"start":{"line":53,"column":12},"end":{"line":55,"column":null}},"type":"if","locations":[{"start":{"line":53,"column":12},"end":{"line":55,"column":null}},{"start":{},"end":{}}],"line":53},"7":{"loc":{"start":{"line":53,"column":16},"end":{"line":53,"column":72}},"type":"binary-expr","locations":[{"start":{"line":53,"column":16},"end":{"line":53,"column":27}},{"start":{"line":53,"column":31},"end":{"line":53,"column":54}},{"start":{"line":53,"column":58},"end":{"line":53,"column":72}}],"line":53},"8":{"loc":{"start":{"line":62,"column":12},"end":{"line":64,"column":null}},"type":"if","locations":[{"start":{"line":62,"column":12},"end":{"line":64,"column":null}},{"start":{},"end":{}}],"line":62},"9":{"loc":{"start":{"line":62,"column":16},"end":{"line":62,"column":31}},"type":"binary-expr","locations":[{"start":{"line":62,"column":16},"end":{"line":62,"column":19}},{"start":{"line":62,"column":23},"end":{"line":62,"column":31}}],"line":62},"10":{"loc":{"start":{"line":65,"column":12},"end":{"line":67,"column":null}},"type":"if","locations":[{"start":{"line":65,"column":12},"end":{"line":67,"column":null}},{"start":{},"end":{}}],"line":65},"11":{"loc":{"start":{"line":70,"column":12},"end":{"line":75,"column":null}},"type":"if","locations":[{"start":{"line":70,"column":12},"end":{"line":75,"column":null}},{"start":{"line":73,"column":17},"end":{"line":75,"column":null}}],"line":70},"12":{"loc":{"start":{"line":84,"column":8},"end":{"line":85,"column":null}},"type":"if","locations":[{"start":{"line":84,"column":8},"end":{"line":85,"column":null}},{"start":{},"end":{}}],"line":84},"13":{"loc":{"start":{"line":84,"column":12},"end":{"line":84,"column":27}},"type":"binary-expr","locations":[{"start":{"line":84,"column":12},"end":{"line":84,"column":15}},{"start":{"line":84,"column":19},"end":{"line":84,"column":27}}],"line":84},"14":{"loc":{"start":{"line":86,"column":8},"end":{"line":117,"column":null}},"type":"if","locations":[{"start":{"line":86,"column":8},"end":{"line":117,"column":null}},{"start":{"line":99,"column":13},"end":{"line":117,"column":null}}],"line":86},"15":{"loc":{"start":{"line":90,"column":12},"end":{"line":91,"column":null}},"type":"if","locations":[{"start":{"line":90,"column":12},"end":{"line":91,"column":null}},{"start":{},"end":{}}],"line":90},"16":{"loc":{"start":{"line":92,"column":31},"end":{"line":92,"column":69}},"type":"binary-expr","locations":[{"start":{"line":92,"column":31},"end":{"line":92,"column":64}},{"start":{"line":92,"column":68},"end":{"line":92,"column":69}}],"line":92},"17":{"loc":{"start":{"line":93,"column":32},"end":{"line":93,"column":71}},"type":"binary-expr","locations":[{"start":{"line":93,"column":32},"end":{"line":93,"column":66}},{"start":{"line":93,"column":70},"end":{"line":93,"column":71}}],"line":93},"18":{"loc":{"start":{"line":102,"column":37},"end":{"line":102,"column":67}},"type":"binary-expr","locations":[{"start":{"line":102,"column":37},"end":{"line":102,"column":61}},{"start":{"line":102,"column":65},"end":{"line":102,"column":67}}],"line":102},"19":{"loc":{"start":{"line":103,"column":38},"end":{"line":103,"column":69}},"type":"binary-expr","locations":[{"start":{"line":103,"column":38},"end":{"line":103,"column":63}},{"start":{"line":103,"column":67},"end":{"line":103,"column":69}}],"line":103},"20":{"loc":{"start":{"line":105,"column":72},"end":{"line":105,"column":188}},"type":"binary-expr","locations":[{"start":{"line":105,"column":72},"end":{"line":105,"column":159}},{"start":{"line":105,"column":163},"end":{"line":105,"column":188}}],"line":105},"21":{"loc":{"start":{"line":106,"column":12},"end":{"line":108,"column":null}},"type":"if","locations":[{"start":{"line":106,"column":12},"end":{"line":108,"column":null}},{"start":{},"end":{}}],"line":106},"22":{"loc":{"start":{"line":106,"column":16},"end":{"line":106,"column":142}},"type":"binary-expr","locations":[{"start":{"line":106,"column":16},"end":{"line":106,"column":37}},{"start":{"line":106,"column":41},"end":{"line":106,"column":88}},{"start":{"line":106,"column":92},"end":{"line":106,"column":142}}],"line":106},"23":{"loc":{"start":{"line":111,"column":30},"end":{"line":111,"column":142}},"type":"cond-expr","locations":[{"start":{"line":111,"column":82},"end":{"line":111,"column":138}},{"start":{"line":111,"column":141},"end":{"line":111,"column":142}}],"line":111}},"s":{"0":5,"1":5,"2":1,"3":1,"4":0,"5":1,"6":1,"7":1,"8":1,"9":1,"10":1,"11":1,"12":1,"13":1,"14":1,"15":0,"16":1,"17":1,"18":1,"19":1,"20":0,"21":1,"22":1,"23":1,"24":0,"25":1,"26":0,"27":1,"28":1,"29":0,"30":1,"31":0,"32":0,"33":1,"34":0,"35":1,"36":0,"37":0,"38":0,"39":0,"40":0,"41":0,"42":0,"43":0,"44":0,"45":1,"46":1,"47":1,"48":0,"49":1,"50":1,"51":0,"52":0,"53":0,"54":1,"55":1,"56":1},"f":{"0":5,"1":1,"2":1,"3":1,"4":0,"5":0,"6":0},"b":{"0":[5],"1":[1],"2":[0,1],"3":[1,0],"4":[1,0],"5":[0,1],"6":[0,1],"7":[1,1,1],"8":[0,1],"9":[1,1],"10":[0,1],"11":[0,1],"12":[0,1],"13":[1,1],"14":[0,1],"15":[0,0],"16":[0,0],"17":[0,0],"18":[1,1],"19":[1,1],"20":[0,0],"21":[1,0],"22":[1,0,0],"23":[0,0]},"meta":{"lastBranch":24,"lastFunction":7,"lastStatement":57,"seen":{"f:6:4:6:15":0,"b:6:38:6:52":0,"s:7:8:7:Infinity":0,"s:8:8:8:Infinity":1,"f:15:4:15:24":1,"b:15:74:15:93":1,"s:16:21:16:51":2,"b:17:8:19:Infinity:undefined:undefined:undefined:undefined":2,"s:17:8:19:Infinity":3,"s:18:12:18:Infinity":4,"s:21:33:21:51":5,"s:22:29:22:66":6,"s:24:18:24:120":7,"b:26:8:28:Infinity:undefined:undefined:undefined:undefined":3,"s:26:8:28:Infinity":8,"s:27:12:27:Infinity":9,"b:29:8:31:Infinity:undefined:undefined:undefined:undefined":4,"s:29:8:31:Infinity":10,"s:30:12:30:Infinity":11,"s:32:8:37:Infinity":12,"f:44:10:44:23":2,"s:45:21:45:51":13,"b:46:8:48:Infinity:undefined:undefined:undefined:undefined":5,"s:46:8:48:Infinity":14,"s:47:12:47:Infinity":15,"s:49:8:81:Infinity":16,"s:50:36:50:63":17,"s:52:31:52:120":18,"b:53:12:55:Infinity:undefined:undefined:undefined:undefined":6,"s:53:12:55:Infinity":19,"b:53:16:53:27:53:31:53:54:53:58:53:72":7,"s:54:16:54:Infinity":20,"s:56:32:56:55":21,"s:58:23:61:14":22,"b:62:12:64:Infinity:undefined:undefined:undefined:undefined":8,"s:62:12:64:Infinity":23,"b:62:16:62:19:62:23:62:31":9,"s:63:16:63:Infinity":24,"b:65:12:67:Infinity:undefined:undefined:undefined:undefined":10,"s:65:12:67:Infinity":25,"s:66:16:66:Infinity":26,"s:69:28:69:90":27,"b:70:12:75:Infinity:73:17:75:Infinity":11,"s:70:12:75:Infinity":28,"s:71:16:71:Infinity":29,"s:74:16:74:Infinity":30,"s:78:12:78:Infinity":31,"s:80:12:80:Infinity":32,"f:83:4:83:20":3,"b:84:8:85:Infinity:undefined:undefined:undefined:undefined":12,"s:84:8:85:Infinity":33,"b:84:12:84:15:84:19:84:27":13,"s:85:12:85:Infinity":34,"b:86:8:117:Infinity:99:13:117:Infinity":14,"s:86:8:117:Infinity":35,"s:89:33:89:122":36,"f:89:78:89:79":4,"s:89:85:89:121":37,"b:90:12:91:Infinity:undefined:undefined:undefined:undefined":15,"s:90:12:91:Infinity":38,"s:91:16:91:Infinity":39,"s:92:31:92:69":40,"b:92:31:92:64:92:68:92:69":16,"s:93:32:93:71":41,"b:93:32:93:66:93:70:93:71":17,"s:94:40:94:64":42,"s:95:37:95:57":43,"s:97:12:97:Infinity":44,"s:102:37:102:67":45,"b:102:37:102:61:102:65:102:67":18,"s:103:38:103:69":46,"b:103:38:103:63:103:67:103:69":19,"s:105:41:105:189":47,"f:105:64:105:65":5,"s:105:72:105:188":48,"b:105:72:105:159:105:163:105:188":20,"b:106:12:108:Infinity:undefined:undefined:undefined:undefined":21,"s:106:12:108:Infinity":49,"b:106:16:106:37:106:41:106:88:106:92:106:142":22,"s:107:16:107:Infinity":50,"s:110:40:110:124":51,"f:110:62:110:63":6,"s:110:70:110:123":52,"s:111:30:111:142":53,"b:111:82:111:138:111:141:111:142":23,"s:112:31:112:88":54,"s:113:38:113:60":55,"s:116:12:116:Infinity":56}}}
,"/Users/doublegreen/Library/Mobile Documents/com~apple~CloudDocs/MIND/services/a2a-service/dist/core/payments/supportedAssets.js": {"path":"/Users/doublegreen/Library/Mobile Documents/com~apple~CloudDocs/MIND/services/a2a-service/dist/core/payments/supportedAssets.js","statementMap":{"0":{"start":{"line":3,"column":32},"end":{"line":3,"column":92}},"1":{"start":{"line":4,"column":37},"end":{"line":4,"column":97}},"2":{"start":{"line":10,"column":32},"end":{"line":45,"column":1}},"3":{"start":{"line":46,"column":32},"end":{"line":48,"column":1}},"4":{"start":{"line":47,"column":4},"end":{"line":47,"column":null}}},"fnMap":{"0":{"name":"(anonymous_0)","decl":{"start":{"line":46,"column":32},"end":{"line":46,"column":33}},"loc":{"start":{"line":46,"column":44},"end":{"line":48,"column":1}},"line":46}},"branchMap":{},"s":{"0":4,"1":4,"2":4,"3":4,"4":2},"f":{"0":2},"b":{},"meta":{"lastBranch":0,"lastFunction":1,"lastStatement":5,"seen":{"s:3:32:3:92":0,"s:4:37:4:97":1,"s:10:32:45:1":2,"s:46:32:48:1":3,"f:46:32:46:33":0,"s:47:4:47:Infinity":4}}}
,"/Users/doublegreen/Library/Mobile Documents/com~apple~CloudDocs/MIND/services/a2a-service/dist/db/client.js": {"path":"/Users/doublegreen/Library/Mobile Documents/com~apple~CloudDocs/MIND/services/a2a-service/dist/db/client.js","statementMap":{"0":{"start":{"line":3,"column":13},"end":{"line":5,"column":2}},"1":{"start":{"line":6,"column":17},"end":{"line":6,"column":31}},"2":{"start":{"line":7,"column":23},"end":{"line":10,"column":1}},"3":{"start":{"line":8,"column":4},"end":{"line":8,"column":null}},"4":{"start":{"line":9,"column":4},"end":{"line":9,"column":null}}},"fnMap":{"0":{"name":"(anonymous_0)","decl":{"start":{"line":7,"column":23},"end":{"line":7,"column":28}},"loc":{"start":{"line":7,"column":35},"end":{"line":10,"column":1}},"line":7}},"branchMap":{},"s":{"0":2,"1":2,"2":2,"3":0,"4":0},"f":{"0":0},"b":{},"meta":{"lastBranch":0,"lastFunction":1,"lastStatement":5,"seen":{"s:3:13:5:2":0,"s:6:17:6:31":1,"s:7:23:10:1":2,"f:7:23:7:28":0,"s:8:4:8:Infinity":3,"s:9:4:9:Infinity":4}}}
,"/Users/doublegreen/Library/Mobile Documents/com~apple~CloudDocs/MIND/services/a2a-service/src/index.ts": {"path":"/Users/doublegreen/Library/Mobile Documents/com~apple~CloudDocs/MIND/services/a2a-service/src/index.ts","statementMap":{"0":{"start":{"line":24,"column":6},"end":{"line":24,"column":40}},"1":{"start":{"line":25,"column":23},"end":{"line":25,"column":43}},"2":{"start":{"line":26,"column":22},"end":{"line":26,"column":41}},"3":{"start":{"line":27,"column":23},"end":{"line":27,"column":43}},"4":{"start":{"line":28,"column":22},"end":{"line":28,"column":null}},"5":{"start":{"line":29,"column":25},"end":{"line":29,"column":121}},"6":{"start":{"line":30,"column":28},"end":{"line":30,"column":84}},"7":{"start":{"line":33,"column":0},"end":{"line":48,"column":null}},"8":{"start":{"line":34,"column":2},"end":{"line":47,"column":null}},"9":{"start":{"line":50,"column":0},"end":{"line":53,"column":null}},"10":{"start":{"line":50,"column":35},"end":{"line":53,"column":3}},"11":{"start":{"line":55,"column":0},"end":{"line":62,"column":null}},"12":{"start":{"line":56,"column":2},"end":{"line":60,"column":null}},"13":{"start":{"line":57,"column":4},"end":{"line":57,"column":null}},"14":{"start":{"line":58,"column":4},"end":{"line":58,"column":null}},"15":{"start":{"line":60,"column":4},"end":{"line":60,"column":null}},"16":{"start":{"line":64,"column":0},"end":{"line":94,"column":null}},"17":{"start":{"line":65,"column":2},"end":{"line":93,"column":null}},"18":{"start":{"line":96,"column":28},"end":{"line":96,"column":80}},"19":{"start":{"line":98,"column":6},"end":{"line":99,"column":null}},"20":{"start":{"line":99,"column":2},"end":{"line":99,"column":null}},"21":{"start":{"line":102,"column":28},"end":{"line":107,"column":2}},"22":{"start":{"line":109,"column":25},"end":{"line":113,"column":2}},"23":{"start":{"line":115,"column":28},"end":{"line":118,"column":2}},"24":{"start":{"line":120,"column":28},"end":{"line":123,"column":2}},"25":{"start":{"line":125,"column":27},"end":{"line":130,"column":2}},"26":{"start":{"line":132,"column":27},"end":{"line":132,"column":75}},"27":{"start":{"line":134,"column":41},"end":{"line":145,"column":2}},"28":{"start":{"line":147,"column":34},"end":{"line":155,"column":2}},"29":{"start":{"line":157,"column":28},"end":{"line":166,"column":2}},"30":{"start":{"line":168,"column":6},"end":{"line":170,"column":null}},"31":{"start":{"line":169,"column":2},"end":{"line":169,"column":null}},"32":{"start":{"line":169,"column":44},"end":{"line":169,"column":null}},"33":{"start":{"line":170,"column":2},"end":{"line":170,"column":null}},"34":{"start":{"line":173,"column":6},"end":{"line":174,"column":null}},"35":{"start":{"line":174,"column":2},"end":{"line":174,"column":null}},"36":{"start":{"line":177,"column":6},"end":{"line":183,"column":null}},"37":{"start":{"line":178,"column":21},"end":{"line":178,"column":null}},"38":{"start":{"line":180,"column":2},"end":{"line":181,"column":null}},"39":{"start":{"line":181,"column":4},"end":{"line":181,"column":null}},"40":{"start":{"line":183,"column":2},"end":{"line":183,"column":null}},"41":{"start":{"line":186,"column":0},"end":{"line":199,"column":null}},"42":{"start":{"line":187,"column":17},"end":{"line":187,"column":60}},"43":{"start":{"line":188,"column":2},"end":{"line":189,"column":null}},"44":{"start":{"line":189,"column":4},"end":{"line":189,"column":null}},"45":{"start":{"line":192,"column":22},"end":{"line":192,"column":55}},"46":{"start":{"line":193,"column":2},"end":{"line":194,"column":null}},"47":{"start":{"line":194,"column":4},"end":{"line":194,"column":null}},"48":{"start":{"line":197,"column":17},"end":{"line":197,"column":49}},"49":{"start":{"line":198,"column":2},"end":{"line":198,"column":null}},"50":{"start":{"line":201,"column":0},"end":{"line":250,"column":null}},"51":{"start":{"line":205,"column":19},"end":{"line":205,"column":59}},"52":{"start":{"line":206,"column":4},"end":{"line":207,"column":null}},"53":{"start":{"line":207,"column":6},"end":{"line":207,"column":null}},"54":{"start":{"line":210,"column":20},"end":{"line":210,"colu
[...]
},"line":35},"3":{"name":"(anonymous_3)","decl":{"start":{"line":67,"column":15},"end":{"line":67,"column":31}},"loc":{"start":{"line":67,"column":163},"end":{"line":86,"column":null}},"line":67}},"branchMap":{"0":{"loc":{"start":{"line":16,"column":14},"end":{"line":16,"column":70}},"type":"default-arg","locations":[{"start":{"line":16,"column":31},"end":{"line":16,"column":70}}],"line":16},"1":{"loc":{"start":{"line":29,"column":11},"end":{"line":29,"column":null}},"type":"binary-expr","locations":[{"start":{"line":29,"column":11},"end":{"line":29,"column":52}},{"start":{"line":29,"column":56},"end":{"line":29,"column":null}}],"line":29},"2":{"loc":{"start":{"line":37,"column":4},"end":{"line":37,"column":null}},"type":"if","locations":[{"start":{"line":37,"column":4},"end":{"line":37,"column":null}},{"start":{},"end":{}}],"line":37},"3":{"loc":{"start":{"line":39,"column":4},"end":{"line":40,"column":null}},"type":"if","locations":[{"start":{"line":39,"column":4},"end":{"line":40,"column":null}},{"start":{},"end":{}}],"line":39},"4":{"loc":{"start":{"line":44,"column":4},"end":{"line":57,"column":null}},"type":"if","locations":[{"start":{"line":44,"column":4},"end":{"line":57,"column":null}},{"start":{},"end":{}}],"line":44},"5":{"loc":{"start":{"line":69,"column":4},"end":{"line":69,"column":null}},"type":"if","locations":[{"start":{"line":69,"column":4},"end":{"line":69,"column":null}},{"start":{},"end":{}}],"line":69},"6":{"loc":{"start":{"line":71,"column":4},"end":{"line":72,"column":null}},"type":"if","locations":[{"start":{"line":71,"column":4},"end":{"line":72,"column":null}},{"start":{},"end":{}}],"line":71}},"s":{"0":12,"1":12,"2":12,"3":12,"4":7,"5":4,"6":4,"7":1,"8":3,"9":1,"10":2,"11":2,"12":1,"13":1,"14":1,"15":1,"16":0,"17":1,"18":3,"19":3,"20":1,"21":2,"22":1,"23":1,"24":1,"25":1,"26":1,"27":0},"f":{"0":12,"1":7,"2":4,"3":3},"b":{"0":[12],"1":[7,1],"2":[1,3],"3":[1,2],"4":[1,1],"5":[1,2],"6":[1,1]},"meta":{"lastBranch":7,"lastFunction":4,"lastStatement":28,"seen":{"s:14:30:14:91":0,"f:16:2:16:14":0,"b:16:31:16:70":0,"s:17:4:17:Infinity":1,"s:18:4:18:Infinity":2,"s:20:4:25:Infinity":3,"f:28:2:28:9":1,"s:29:4:29:Infinity":4,"b:29:11:29:52:29:56:29:Infinity":1,"f:35:15:35:33":2,"s:36:18:36:59":5,"b:37:4:37:Infinity:undefined:undefined:undefined:undefined":2,"s:37:4:37:Infinity":6,"s:37:16:37:Infinity":7,"b:39:4:40:Infinity:undefined:undefined:undefined:undefined":3,"s:39:4:40:Infinity":8,"s:40:6:40:Infinity":9,"s:43:20:43:Infinity":10,"b:44:4:57:Infinity:undefined:undefined:undefined:undefined":4,"s:44:4:57:Infinity":11,"s:45:6:57:Infinity":12,"s:48:8:48:Infinity":13,"s:49:8:49:Infinity":14,"s:51:8:55:Infinity":15,"s:57:8:57:Infinity":16,"s:61:4:61:Infinity":17,"f:67:15:67:31":3,"s:68:18:68:59":18,"b:69:4:69:Infinity:undefined:undefined:undefined:undefined":5,"s:69:4:69:Infinity":19,"s:69:16:69:Infinity":20,"b:71:4:72:Infinity:undefined:undefined:undefined:undefined":6,"s:71:4:72:Infinity":21,"s:72:6:72:Infinity":22,"s:75:4:86:Infinity":23,"s:77:6:77:Infinity":24,"s:78:6:78:Infinity":25,"s:80:6:84:Infinity":26,"s:86:7:86:Infinity":27}}}
,"/Users/doublegreen/Library/Mobile Documents/com~apple~CloudDocs/MIND/services/a2a-service/src/core/payments/SolanaPaymentsLayer.ts": {"path":"/Users/doublegreen/Library/Mobile Documents/com~apple~CloudDocs/MIND/services/a2a-service/src/core/payments/SolanaPaymentsLayer.ts","statementMap":{"0":{"start":{"line":22,"column":4},"end":{"line":22,"column":null}},"1":{"start":{"line":23,"column":4},"end":{"line":23,"column":null}},"2":{"start":{"line":38,"column":10},"end":{"line":38,"column":47}},"3":{"start":{"line":39,"column":4},"end":{"line":40,"column":null}},"4":{"start":{"line":40,"column":6},"end":{"line":40,"column":null}},"5":{"start":{"line":44,"column":29},"end":{"line":44,"column":47}},"6":{"start":{"line":45,"column":25},"end":{"line":45,"column":62}},"7":{"start":{"line":48,"column":14},"end":{"line":48,"column":null}},"8":{"start":{"line":51,"column":4},"end":{"line":52,"column":null}},"9":{"start":{"line":52,"column":6},"end":{"line":52,"column":null}},"10":{"start":{"line":55,"column":4},"end":{"line":56,"column":null}},"11":{"start":{"line":56,"column":6},"end":{"line":56,"column":null}},"12":{"start":{"line":59,"column":4},"end":{"line":64,"column":null}},"13":{"start":{"line":78,"column":10},"end":{"line":78,"column":47}},"14":{"start":{"line":79,"column":4},"end":{"line":80,"column":null}},"15":{"start":{"line":80,"column":6},"end":{"line":80,"column":null}},"16":{"start":{"line":83,"column":4},"end":{"line":121,"column":null}},"17":{"start":{"line":84,"column":30},"end":{"line":84,"column":57}},"18":{"start":{"line":87,"column":25},"end":{"line":87,"column":114}},"19":{"start":{"line":89,"column":6},"end":{"line":90,"column":null}},"20":{"start":{"line":90,"column":8},"end":{"line":90,"column":null}},"21":{"start":{"line":93,"column":26},"end":{"line":93,"column":null}},"22":{"start":{"line":96,"column":17},"end":{"line":99,"column":8}},"23":{"start":{"line":101,"column":6},"end":{"line":102,"column":null}},"24":{"start":{"line":102,"column":8},"end":{"line":102,"column":null}},"25":{"start":{"line":105,"column":6},"end":{"line":106,"column":null}},"26":{"start":{"line":106,"column":8},"end":{"line":106,"column":null}},"27":{"start":{"line":110,"column":22},"end":{"line":110,"column":84}},"28":{"start":{"line":112,"column":6},"end":{"line":115,"column":null}},"29":{"start":{"line":113,"column":8},"end":{"line":113,"column":null}},"30":{"start":{"line":115,"column":8},"end":{"line":115,"column":null}},"31":{"start":{"line":119,"column":6},"end":{"line":119,"column":null}},"32":{"start":{"line":121,"column":6},"end":{"line":121,"column":null}},"33":{"start":{"line":131,"column":4},"end":{"line":131,"column":null}},"34":{"start":{"line":131,"column":25},"end":{"line":131,"column":null}},"35":{"start":{"line":133,"column":4},"end":{"line":176,"column":null}},"36":{"start":{"line":136,"column":27},"end":{"line":137,"column":null}},"37":{"start":{"line":137,"column":15},"end":{"line":137,"column":null}},"38":{"start":{"line":139,"column":6},"end":{"line":139,"column":null}},"39":{"start":{"line":139,"column":31},"end":{"line":139,"column":null}},"40":{"start":{"line":141,"column":25},"end":{"line":141,"column":null}},"41":{"start":{"line":142,"column":26},"end":{"line":142,"column":null}},"42":{"start":{"line":144,"column":34},"end":{"line":144,"column":null}},"43":{"start":{"line":145,"column":31},"end":{"line":145,"column":null}},"44":{"start":{"line":148,"column":6},"end":{"line":148,"column":null}},"45":{"start":{"line":152,"column":31},"end":{"line":152,"column":61}},"46":{"start":{"line":153,"column":32},"end":{"line":153,"column":63}},"47":{"start":{"line":156,"column":35},"end":{"line":157,"column":null}},"48":{"start":{"line":157,"column":16},"end":{"line":157,"column":null}},"49":{"start":{"line":160,"column":6},"end":{"line":161,"column":null}},"50":{"start":{"line":161,"column":8},"end":{"line":161,"column":null}},"51":{"start":{"line":165,"column":34},"end":{"line":166,"column":null}},"52":{"start":{"line":166,"column":16},"end":{"line":166,"column":null}},"53":{"start":{"line":169,"column":24},"end":{"line":169,"column":null}},"54":{"start":{"line":170,"column":25},"end":{"line":170,"column":82}},"55":{"start":{"line":172,"column":32},"end":{"line":172,"column":null}},"56":{"start":{"line":176,"column":6},"end":{"line":176,"column":null}}},"fnMap":{"0":{"name":"(anonymous_0)","decl":{"start":{"line":21,"column":2},"end":{"line":21,"column":14}},"loc":{"start":{"line":21,"column":72},"end":{"line":23,"column":null}},"line":21},"1":{"name":"(anonymous_1)","decl":{"start":{"line":31,"column":2},"end":{"line":31,"column":9}},"loc":{"start":{"line":37,"column":26},"end":{"line":64,"column":null}},"line":37},"2":{"name":"(anonymous_2)","decl":{"start":{"line":72,"column":15},"end":{"line":72,"column":null}},"loc":{"start":{"line":77,"column":33},"end":{"line":121,"column":null}},"line":77},"3":{"name":"(anonymous_3)","decl":{"start":{"line":125,"column":2},"end":{"line":125,"column":10}},"loc":{"start":{"line":130,"column":13},"end":{"line":176,"column":null}},"line":130},"4":{"name":"(anonymous_4)","decl":{"start":{"line":136,"column":62},"end":{"line":136,"column":null}},"loc":{"start":{"line":137,"column":15},"end":{"line":137,"column":null}},"line":137},"5":{"name":"(anonymous_5)","decl":{"start":{"line":156,"column":53},"end":{"line":156,"column":null}},"loc":{"start":{"line":157,"column":16},"end":{"line":157,"column":null}},"line":157},"6":{"name":"(anonymous_6)","decl":{"start":{"line":165,"column":51},"end":{"line":165,"column":null}},"loc":{"start":{"line":166,"column":16},"end":{"line":166,"column":null}},"line":166}},"branchMap":{"0":{"loc":{"start":{"line":21,"column":38},"end":{"line":21,"column":72}},"type":"default-arg","locations":[{"start":{"line":21,"column":56},"end":{"line":21,"column":72}}],"line":21},"1":{"loc":{"start":{"line":36,"column":4},"end":{"line":36,"column":null}},"type":"default-arg","locations":[{"start":{"line":36,"column":20},"end":{"line":36,"column":null}}],"line":36},"2":{"loc":{"start":{"line":39,"column":4},"end":{"line":40,"column":null}},"type":"if","locations":[{"start":{"line":39,"column":4},"end":{"line":40,"column":null}},{"start":{},"end":{}}],"line":39},"3":{"loc":{"start":{"line":51,"column":4},"end":{"line":52,"column":null}},"type":"if","locations":[{"start":{"line":51,"column":4},"end":{"line":52,"column":null}},{"start":{},"end":{}}],"line":51},"4":{"loc":{"start":{"line":55,"column":4},"end":{"line":56,"column":null}},"type":"if","locations":[{"start":{"line":55,"column":4},"end":{"line":56,"column":null}},{"start":{},"end":{}}],"line":55},"5":{"loc":{"start":{"line":79,"column":4},"end":{"line":80,"column":null}},"type":"if","locations":[{"start":{"line":79,"column":4},"end":{"line":80,"column":null}},{"start":{},"end":{}}],"line":79},"6":{"loc":{"start":{"line":89,"column":6},"end":{"line":90,"column":null}},"type":"if","locations":[{"start":{"line":89,"column":6},"end":{"line":90,"column":null}},{"start":{},"end":{}}],"line":89},"7":{"loc":{"start":{"line":89,"column":10},"end":{"line":89,"column":68}},"type":"binary-expr","locations":[{"start":{"line":89,"column":10},"end":{"line":89,"column":25}},{"start":{"line":89,"column":25},"end":{"line":89,"column":52}},{"start":{"line":89,"column":52},"end":{"line":89,"column":68}}],"line":89},"8":{"loc":{"start":{"line":101,"column":6},"end":{"line":102,"column":null}},"type":"if","locations":[{"start":{"line":101,"column":6},"end":{"line":102,"column":null}},{"start":{},"end":{}}],"line":101},"9":{"loc":{"start":{"line":101,"column":10},"end":{"line":101,"column":27}},"type":"binary-expr","locations":[{"start":{"line":101,"column":10},"end":{"line":101,"column":17}},{"start":{"line":101,"column":17},"end":{"line":101,"column":27}}],"line":101},"10":{"loc":{"start":{"line":105,"column":6},"end":{"line":106,"column":null}},"type":"if","locations":[{"start":{"line":105,"column":6},"end":{"line":106,"column":null}},{"start":{},"end":{}}],"line":105},"11":{"loc":{"start":{"line":112,"column":6},"end":{"line":115,"column":null}},"type":"if","locations":[{"start":{"line":112,"column":6},"end":{"line":115,"column":null}},{"start":{"line":114,"column":13},"end":{"line":115,"column":null}}],"line":112},"12":{"loc":{"start":{"line":131,"column":4},"end":{"line":131,"column":null}},"type":"if","locations":[{"start":{"line":131,"column":4},"end":{"line":131,"column":null}},{"start":{},"end":{}}],"line":131},"13":{"loc":{"start":{"line":131,"column":8},"end":{"line":131,"column":25}},"type":"binary-expr","locations":[{"start":{"line":131,"column":8},"end":{"line":131,"column":15}},{"start":{"line":131,"column":15},"end":{"line":131,"column":25}}],"line":131},"14":{"loc":{"start":{"line":133,"column":4},"end":{"line":176,"column":null}},"type":"if","locations":[{"start":{"line":133,"column":4},"end":{"line":176,"column":null}},{"start":{"line":149,"column":11},"end":{"line":176,"column":null}}],"line":133},"15":{"loc":{"start":{"line":139,"column":6},"end":{"line":139,"column":null}},"type":"if","locations":[{"start":{"line":139,"column":6},"end":{"line":139,"column":null}},{"start":{},"end":{}}],"line":139},"16":{"loc":{"start":{"line":141,"column":25},"end":{"line":141,"column":null}},"type":"binary-expr","locations":[{"start":{"line":141,"column":25},"end":{"line":141,"column":62}},{"start":{"line":141,"column":62},"end":{"line":141,"column":null}}],"line":141},"17":{"loc":{"start":{"line":142,"column":26},"end":{"line":142,"column":null}},"type":"binary-expr","locations":[{"start":{"line":142,"column":26},"end":{"line":142,"column":64}},{"start":{"line":142,"column":64},"end":{"line":142,"column":null}}],"line":142},"18":{"loc":{"start":{"line":152,"column":31},"end":{"line":152,"column":61}},"type":"binary-expr","locations":[{"start":{"line":152,"column":31},"end":{"line":152,"column":59}},{"start":{"line":152,"column":59},"end":{"line":152,"column":61}}],"line":152},"19":{"loc":{"start":{"line":153,"column":32},"end":{"line":153,"column":63}},"type":"binary-expr","locations":[{"start":{"line":153,"column":32},"end":{"line":153,"column":61}},{"start":{"line":153,"column":61},"end":{"line":153,"column":63}}],"line":153},"20":{"loc":{"start":{"line":157,"column":16},"end":{"line":157,"column":null}},"type":"binary-expr","locations":[{"start":{"line":157,"column":16},"end":{"line":157,"column":107}},{"start":{"line":157,"column":107},"end":{"line":157,"column":null}}],"line":157},"21":{"loc":{"start":{"line":160,"column":6},"end":{"line":161,"column":null}},"type":"if","locations":[{"start":{"line":160,"column":6},"end":{"line":161,"column":null}},{"start":{},"end":{}}],"line":160},"22":{"loc":{"start":{"line":160,"column":10},"end":{"line":160,"column":138}},"type":"binary-expr","locations":[{"start":{"line":160,"column":10},"end":{"line":160,"column":35}},{"start":{"line":160,"column":35},"end":{"line":160,"column":86}},{"start":{"line":160,"column":86},"end":{"line":160,"column":138}}],"line":160},"23":{"loc":{"start":{"line":169,"column":24},"end":{"line":169,"column":null}},"type":"cond-expr","locations":[{"start":{"line":169,"column":76},"end":{"line":169,"column":132}},{"start":{"line":169,"column":135},"end":{"line":169,"column":null}}],"line":169}},"s":{"0":5,"1":5,"2":1,"3":1,"4":0,"5":1,"6":1,"7":1,"8":1,"9":1,"10":1,"11":1,"12":1,"13":1,"14":1,"15":0,"16":1,"17":1,"18":1,"19":1,"20":0,"21":1,"22":1,"23":1,"24":0,"25":1,"26":0,"27":1,"28":1,"29":0,"30":1,"31":0,"32":0,"33":1,"34":0,"35":1,"36":0,"37":0,"38":0,"39":0,"40":0,"41":0,"42":0,"43":0,"44":0,"45":1,"46":1,"47":1,"48":0,"49":1,"50":1,"51":0,"52":0,"53":0,"54":1,"55":1,"56":1},"f":{"0":5,"1":1,"2":1,"3":1,"4":0,"5":0,"6":0},"b":{"0":[5],"1":[1],"2":[0,1],"3":[1,0],"4":[1,0],"5":[0,1],"6":[0,1],"7":[1,1,1],"8":[0,1],"9":[1,1],"10":[0,1],"11":[0,1],"12":[0,1],"13":[1,1],"14":[0,1],"15":[0,0],"16":[0,0],"17":[0,0],"18":[1,1],"19":[1,1],"20":[0,0],"21":[1,0],"22":[1,0,0],"23":[0,0]},"meta":{"lastBranch":24,"lastFunction":7,"lastStatement":57,"seen":{"f:21:2:21:14":0,"b:21:56:21:72":0,"s:22:4:22:Infinity":0,"s:23:4:23:Infinity":1,"f:31:2:31:9":1,"b:36:20:36:Infinity":1,"s:38:10:38:47":2,"b:39:4:40:Infinity:undefined:undefined:undefined:undefined":2,"s:39:4:40:Infinity":3,"s:40:6:40:Infinity":4,"s:44:29:44:47":5,"s:45:25:45:62":6,"s:48:14:48:Infinity":7,"b:51:4:52:Infinity:undefined:undefined:undefined:undefined":3,"s:51:4:52:Infinity":8,"s:52:6:52:Infinity":9,"b:55:4:56:Infinity:undefined:undefined:undefined:undefined":4,"s:55:4:56:Infinity":10,"s:56:6:56:Infinity":11,"s:59:4:64:Infinity":12,"f:72:15:72:Infinity":2,"s:78:10:78:47":13,"b:79:4:80:Infinity:undefined:undefined:undefined:undefined":5,"s:79:4:80:Infinity":14,"s:80:6:80:Infinity":15,"s:83:4:121:Infinity":16,"s:84:30:84:57":17,"s:87:25:87:114":18,"b:89:6:90:Infinity:undefined:undefined:undefined:undefined":6,"s:89:6:90:Infinity":19,"b:89:10:89:25:89:25:89:52:89:52:89:68":7,"s:90:8:90:Infinity":20,"s:93:26:93:Infinity":21,"s:96:17:99:8":22,"b:101:6:102:Infinity:undefined:undefined:undefined:undefined":8,"s:101:6:102:Infinity":23,"b:101:10:101:17:101:17:101:27":9,"s:102:8:102:Infinity":24,"b:105:6:106:Infinity:undefined:undefined:undefined:undefined":10,"s:105:6:106:Infinity":25,"s:106:8:106:Infinity":26,"s:110:22:110:84":27,"b:112:6:115:Infinity:114:13:115:Infinity":11,"s:112:6:115:Infinity":28,"s:113:8:113:Infinity":29,"s:115:8:115:Infinity":30,"s:119:6:119:Infinity":31,"s:121:6:121:Infinity":32,"f:125:2:125:10":3,"b:131:4:131:Infinity:undefined:undefined:undefined:undefined":12,"s:131:4:131:Infinity":33,"b:131:8:131:15:131:15:131:25":13,"s:131:25:131:Infinity":34,"b:133:4:176:Infinity:149:11:176:Infinity":14,"s:133:4:176:Infinity":35,"s:136:27:137:Infinity":36,"f:136:62:136:Infinity":4,"s:137:15:137:Infinity":37,"b:139:6:139:Infinity:undefined:undefined:undefined:undefined":15,"s:139:6:139:Infinity":38,"s:139:31:139:Infinity":39,"s:141:25:141:Infinity":40,"b:141:25:141:62:141:62:141:Infinity":16,"s:142:26:142:Infinity":41,"b:142:26:142:64:142:64:142:Infinity":17,"s:144:34:144:Infinity":42,"s:145:31:145:Infinity":43,"s:148:6:148:Infinity":44,"s:152:31:152:61":45,"b:152:31:152:59:152:59:152:61":18,"s:153:32:153:63":46,"b:153:32:153:61:153:61:153:63":19,"s:156:35:157:Infinity":47,"f:156:53:156:Infinity":5,"s:157:16:157:Infinity":48,"b:157:16:157:107:157:107:157:Infinity":20,"b:160:6:161:Infinity:undefined:undefined:undefined:undefined":21,"s:160:6:161:Infinity":49,"b:160:10:160:35:160:35:160:86:160:86:160:138":22,"s:161:8:161:Infinity":50,"s:165:34:166:Infinity":51,"f:165:51:165:Infinity":6,"s:166:16:166:Infinity":52,"s:169:24:169:Infinity":53,"b:169:76:169:132:169:135:169:Infinity":23,"s:170:25:170:82":54,"s:172:32:172:Infinity":55,"s:176:6:176:Infinity":56}}}
,"/Users/doublegreen/Library/Mobile Documents/com~apple~CloudDocs/MIND/services/a2a-service/src/core/payments/supportedAssets.ts": {"path":"/Users/doublegreen/Library/Mobile Documents/com~apple~CloudDocs/MIND/services/a2a-service/src/core/payments/supportedAssets.ts","statementMap":{"0":{"start":{"line":4,"column":32},"end":{"line":4,"column":92}},"1":{"start":{"line":5,"column":37},"end":{"line":5,"column":97}},"2":{"start":{"line":20,"column":64},"end":{"line":55,"column":null}},"3":{"start":{"line":57,"column":13},"end":{"line":58,"column":null}},"4":{"start":{"line":58,"column":2},"end":{"line":58,"column":null}}},"fnMap":{"0":{"name":"(anonymous_0)","decl":{"start":{"line":57,"column":13},"end":{"line":57,"column":33}},"loc":{"start":{"line":57,"column":80},"end":{"line":58,"column":null}},"line":57}},"branchMap":{},"s":{"0":4,"1":4,"2":4,"3":4,"4":2},"f":{"0":2},"b":{},"meta":{"lastBranch":0,"lastFunction":1,"lastStatement":5,"seen":{"s:4:32:4:92":0,"s:5:37:5:97":1,"s:20:64:55:Infinity":2,"s:57:13:58:Infinity":3,"f:57:13:57:33":0,"s:58:2:58:Infinity":4}}}
,"/Users/doublegreen/Library/Mobile Documents/com~apple~CloudDocs/MIND/services/a2a-service/src/db/client.ts": {"path":"/Users/doublegreen/Library/Mobile Documents/com~apple~CloudDocs/MIND/services/a2a-service/src/db/client.ts","statementMap":{"0":{"start":{"line":4,"column":13},"end":{"line":6,"column":2}},"1":{"start":{"line":8,"column":13},"end":{"line":8,"column":31}},"2":{"start":{"line":10,"column":23},"end":{"line":12,"column":null}},"3":{"start":{"line":11,"column":2},"end":{"line":11,"column":null}},"4":{"start":{"line":12,"column":2},"end":{"line":12,"column":null}}},"fnMap":{"0":{"name":"(anonymous_0)","decl":{"start":{"line":10,"column":23},"end":{"line":10,"column":35}},"loc":{"start":{"line":10,"column":35},"end":{"line":12,"column":null}},"line":10}},"branchMap":{},"s":{"0":2,"1":2,"2":2,"3":0,"4":0},"f":{"0":0},"b":{},"meta":{"lastBranch":0,"lastFunction":1,"lastStatement":5,"seen":{"s:4:13:6:2":0,"s:8:13:8:31":1,"s:10:23:12:Infinity":2,"f:10:23:10:35":0,"s:11:2:11:Infinity":3,"s:12:2:12:Infinity":4}}}
}
